#
# A fatal error has been detected by the Java Runtime Environment:
#
#  EXCEPTION_ACCESS_VIOLATION (0xc0000005) at pc=0x00007fffb85f6381, pid=25700, tid=860
#
# JRE version: OpenJDK Runtime Environment (11.0.15) (build 11.0.15+0-b2043.56-9505619)
# Java VM: OpenJDK 64-Bit Server VM (11.0.15+0-b2043.56-9505619, mixed mode, tiered, compressed oops, g1 gc, windows-amd64)
# Problematic frame:
# V  [jvm.dll+0x1b6381]
#
# No core dump will be written. Minidumps are not enabled by default on client versions of Windows
#
# If you would like to submit a bug report, please visit:
#   https://bugreport.java.com/bugreport/crash.jsp
#

---------------  S U M M A R Y ------------

Command Line: org.jetbrains.kotlin.cli.jvm.K2JVMCompiler @P:\Westminster\Year 3\Final Year Project\UoWsa\app\build\20230220_8829154177567752788.compiler.options

Host: Intel(R) Core(TM) i9-9900K CPU @ 3.60GHz, 16 cores, 31G,  Windows 11 , 64 bit Build 22621 (10.0.22621.1194)
Time: Mon Feb 20 19:24:25 2023 GMT Standard Time elapsed time: 4.254223 seconds (0d 0h 0m 4s)

---------------  T H R E A D  ---------------

Current thread (0x0000013bd81ed800):  JavaThread "C2 CompilerThread6" daemon [_thread_in_native, id=860, stack(0x0000003151700000,0x0000003151800000)]


Current CompileTask:
C2:   4254 7029       4       org.jetbrains.kotlin.resolve.lazy.descriptors.LazyClassMemberScope::getNonDeclaredFunctions (235 bytes)

Stack: [0x0000003151700000,0x0000003151800000],  sp=0x00000031517fbb10,  free space=1006k
Native frames: (J=compiled Java code, j=interpreted, Vv=VM code, C=native code)
V  [jvm.dll+0x1b6381]
V  [jvm.dll+0x1b35ee]
V  [jvm.dll+0x22163e]
V  [jvm.dll+0x220498]
V  [jvm.dll+0x19e851]
V  [jvm.dll+0x230479]
V  [jvm.dll+0x22e5ef]
V  [jvm.dll+0x794de1]
V  [jvm.dll+0x78dc24]
V  [jvm.dll+0x6400f6]
C  [ucrtbase.dll+0x29363]
C  [KERNEL32.DLL+0x126bd]
C  [ntdll.dll+0x5dfb8]


siginfo: EXCEPTION_ACCESS_VIOLATION (0xc0000005), reading address 0x0000013b9f9701a8


Register to memory mapping:

RIP=0x00007fffb85f6381 jvm.dll
RAX=0x0000013b9f9701fc is an unknown value
RBX=0x0000013be19c3ef0 points into unknown readable memory: 0x0000000000000000 | 00 00 00 00 00 00 00 00
RCX=0x0000013be19c3f7c points into unknown readable memory: 00 00 00 00
RDX=0x0000013be19c3f28 points into unknown readable memory: 0x0000000000c00000 | 00 00 c0 00 00 00 00 00
RSP=0x00000031517fbb10 is pointing into the stack for thread: 0x0000013bd81ed800
RBP=0x0000013b9f9701a8 is an unknown value
RSI=0x0000013bdfb44e20 points into unknown readable memory: 0x00007fffb8cf9100 | 00 91 cf b8 ff 7f 00 00
RDI=0x0000013bddd97498 points into unknown readable memory: 0x00007fffb8ce49d8 | d8 49 ce b8 ff 7f 00 00
R8 =0x00000000ffffffff is an unknown value
R9 =0x0000000000000010 is an unknown value
R10=0xffffffffffff0000 is an unknown value
R11=0x0 is NULL
R12=0x0000000000000001 is an unknown value
R13=0x0000000000000008 is an unknown value
R14=0x00000031517fc030 is pointing into the stack for thread: 0x0000013bd81ed800
R15=0x0000000000000010 is an unknown value


Registers:
RAX=0x0000013b9f9701fc, RBX=0x0000013be19c3ef0, RCX=0x0000013be19c3f7c, RDX=0x0000013be19c3f28
RSP=0x00000031517fbb10, RBP=0x0000013b9f9701a8, RSI=0x0000013bdfb44e20, RDI=0x0000013bddd97498
R8 =0x00000000ffffffff, R9 =0x0000000000000010, R10=0xffffffffffff0000, R11=0x0000000000000000
R12=0x0000000000000001, R13=0x0000000000000008, R14=0x00000031517fc030, R15=0x0000000000000010
RIP=0x00007fffb85f6381, EFLAGS=0x0000000000010212

Top of Stack: (sp=0x00000031517fbb10)
0x00000031517fbb10:   0000013be19c3270 ffffffff000000aa
0x00000031517fbb20:   0000000000000000 0000013bdf9701a8
0x00000031517fbb30:   0000008800000006 00007fff00000002
0x00000031517fbb40:   0000013bddd97498 00000031517fbbe0
0x00000031517fbb50:   0000000000000000 0000000000000000
0x00000031517fbb60:   000000000009bfa0 0000013bd5f72db0
0x00000031517fbb70:   0000013bd5f73198 0000013bd5f72dc0
0x00000031517fbb80:   00000031517fc118 00000031517fbcb0
0x00000031517fbb90:   00000000000003d8 0000000000000000
0x00000031517fbba0:   00000031517fc030 00007fffb85f35ee
0x00000031517fbbb0:   00000031517fc030 00000031517fbc01
0x00000031517fbbc0:   00000031517fc101 00000000ffffffff
0x00000031517fbbd0:   0000000000000000 00007fffb8ce3ca8
0x00000031517fbbe0:   0000000000000006 0000013bd5f72db0
0x00000031517fbbf0:   0000013be19c31c0 0000013be1a5f210
0x00000031517fbc00:   0000013be1a5f210 0000000000138458 

Instructions: (pc=0x00007fffb85f6381)
0x00007fffb85f6281:   84 24 b8 00 00 00 44 0f b6 8c 24 a8 00 00 00 44
0x00007fffb85f6291:   3b e3 0f 83 a5 02 00 00 41 8b c4 4c 8d 2c c5 00
0x00007fffb85f62a1:   00 00 00 0f 1f 40 00 0f 1f 84 00 00 00 00 00 48
0x00007fffb85f62b1:   8b 46 08 4a 8b 0c 28 49 8b 86 28 01 00 00 48 63
0x00007fffb85f62c1:   51 28 8b 1c 90 85 db 0f 84 43 02 00 00 45 84 c9
0x00007fffb85f62d1:   74 11 45 3b c4 75 0c 48 8b 06 48 8b ce ff 90 d8
0x00007fffb85f62e1:   00 00 00 80 bc 24 b0 00 00 00 00 74 14 41 80 be
0x00007fffb85f62f1:   30 01 00 00 00 74 0a 44 3b 66 38 0f 83 0f 02 00
0x00007fffb85f6301:   00 49 8b 46 70 48 8d 1c 9b 48 c1 e3 05 41 8b d4
0x00007fffb85f6311:   48 8b ce 48 03 58 20 48 8b 06 ff 90 80 00 00 00
0x00007fffb85f6321:   80 bc 24 a8 00 00 00 00 48 8b e8 75 30 4c 8b 4e
0x00007fffb85f6331:   08 f2 0f 10 4f 08 f2 0f 59 ce 4b 8b 0c 29 44 8b
0x00007fffb85f6341:   41 28 49 8b 4e 48 48 8b 51 78 4a 8b 0c c2 f2 0f
0x00007fffb85f6351:   10 41 08 66 0f 2f c1 0f 87 96 00 00 00 48 8d 53
0x00007fffb85f6361:   38 45 33 c9 48 83 c0 54 48 8d 8b 8c 00 00 00 48
0x00007fffb85f6371:   3b d0 77 05 48 3b cd 73 4d f3 0f 6f 0a 4d 8b cf
0x00007fffb85f6381:   f3 0f 6f 45 00 66 0f db c8 f3 0f 7f 0a f3 0f 6f
0x00007fffb85f6391:   42 10 f3 0f 6f 4d 10 66 0f db c8 f3 0f 7f 4a 10
0x00007fffb85f63a1:   f3 0f 6f 42 20 f3 0f 6f 4d 20 66 0f db c8 f3 0f
0x00007fffb85f63b1:   7f 4a 20 f3 0f 6f 42 30 f3 0f 6f 4d 30 66 0f db
0x00007fffb85f63c1:   c8 f3 0f 7f 4a 30 4a 8d 0c 8a 4c 8b c5 4c 2b c2
0x00007fffb85f63d1:   ba 16 00 00 00 49 2b d1 0f 1f 80 00 00 00 00 41
0x00007fffb85f63e1:   8b 04 08 21 01 48 8d 49 04 48 83 ea 01 75 f0 4c
0x00007fffb85f63f1:   8b 4e 08 4b 8b 0c 29 48 8b 01 ff 50 68 8b c8 44
0x00007fffb85f6401:   8b f0 e8 e8 4c 4e 00 41 8b ce 44 0f b6 f8 e8 dc
0x00007fffb85f6411:   4c 4e 00 84 c0 74 15 41 8b ce e8 e0 4c 4e 00 8b
0x00007fffb85f6421:   d0 48 8d 4b 38 e8 05 4c 4e 00 eb 16 48 8d 4b 38
0x00007fffb85f6431:   e8 5a 4b 4e 00 85 c0 75 0d 48 8d 4b 38 e8 8d 4b
0x00007fffb85f6441:   4e 00 85 c0 74 07 83 8b 98 00 00 00 20 45 84 ff
0x00007fffb85f6451:   0f 85 9c 00 00 00 66 83 bb 94 00 00 00 02 75 2f
0x00007fffb85f6461:   f7 83 98 00 00 00 00 01 00 00 75 23 48 8b cd e8
0x00007fffb85f6471:   9b 42 4e 00 83 f8 02 75 16 48 8b cd e8 ce 4a 4e 


Stack slot to memory mapping:
stack at sp + 0 slots: 0x0000013be19c3270 points into unknown readable memory: 0x0000000000000000 | 00 00 00 00 00 00 00 00
stack at sp + 1 slots: 0xffffffff000000aa is an unknown value
stack at sp + 2 slots: 0x0 is NULL
stack at sp + 3 slots: 0x0000013bdf9701a8 points into unknown readable memory: 0x000300030ffffcff | ff fc ff 0f 03 00 03 00
stack at sp + 4 slots: 0x0000008800000006 is an unknown value
stack at sp + 5 slots: 0x00007fff00000002 is an unknown value
stack at sp + 6 slots: 0x0000013bddd97498 points into unknown readable memory: 0x00007fffb8ce49d8 | d8 49 ce b8 ff 7f 00 00
stack at sp + 7 slots: 0x00000031517fbbe0 is pointing into the stack for thread: 0x0000013bd81ed800


---------------  P R O C E S S  ---------------

Threads class SMR info:
_java_thread_list=0x0000013bd87035b0, length=20, elements={
0x0000013bac10e800, 0x0000013bd5ed9000, 0x0000013bd5efb000, 0x0000013bd5f19000,
0x0000013bd5f1a000, 0x0000013bd5f1f000, 0x0000013bd5f20000, 0x0000013bd5f21800,
0x0000013bd5f22800, 0x0000013bd5ea3800, 0x0000013bd610b800, 0x0000013bd6114800,
0x0000013bd6103800, 0x0000013bd648f800, 0x0000013bd686d800, 0x0000013bd729c800,
0x0000013bd87ed800, 0x0000013bd8b84000, 0x0000013bd81ed800, 0x0000013bd8304000
}

Java Threads: ( => current thread )
  0x0000013bac10e800 JavaThread "main" [_thread_in_Java, id=28080, stack(0x000000314f100000,0x000000314f200000)]
  0x0000013bd5ed9000 JavaThread "Reference Handler" daemon [_thread_blocked, id=20244, stack(0x000000314f800000,0x000000314f900000)]
  0x0000013bd5efb000 JavaThread "Finalizer" daemon [_thread_blocked, id=27936, stack(0x000000314f900000,0x000000314fa00000)]
  0x0000013bd5f19000 JavaThread "Signal Dispatcher" daemon [_thread_blocked, id=8532, stack(0x000000314fa00000,0x000000314fb00000)]
  0x0000013bd5f1a000 JavaThread "Attach Listener" daemon [_thread_blocked, id=25980, stack(0x000000314fb00000,0x000000314fc00000)]
  0x0000013bd5f1f000 JavaThread "Service Thread" daemon [_thread_blocked, id=13844, stack(0x000000314fc00000,0x000000314fd00000)]
  0x0000013bd5f20000 JavaThread "C2 CompilerThread0" daemon [_thread_in_native, id=25992, stack(0x000000314fd00000,0x000000314fe00000)]
  0x0000013bd5f21800 JavaThread "C1 CompilerThread0" daemon [_thread_blocked, id=6092, stack(0x000000314fe00000,0x000000314ff00000)]
  0x0000013bd5f22800 JavaThread "Sweeper thread" daemon [_thread_blocked, id=10264, stack(0x000000314ff00000,0x0000003150000000)]
  0x0000013bd5ea3800 JavaThread "C1 CompilerThread1" daemon [_thread_blocked, id=25024, stack(0x0000003150000000,0x0000003150100000)]
  0x0000013bd610b800 JavaThread "Common-Cleaner" daemon [_thread_blocked, id=18208, stack(0x0000003150200000,0x0000003150300000)]
  0x0000013bd6114800 JavaThread "C2 CompilerThread1" daemon [_thread_in_native, id=18252, stack(0x0000003150300000,0x0000003150400000)]
  0x0000013bd6103800 JavaThread "C2 CompilerThread2" daemon [_thread_in_native, id=18936, stack(0x0000003150400000,0x0000003150500000)]
  0x0000013bd648f800 JavaThread "C1 CompilerThread2" daemon [_thread_blocked, id=18956, stack(0x0000003150500000,0x0000003150600000)]
  0x0000013bd686d800 JavaThread "C1 CompilerThread3" daemon [_thread_blocked, id=18680, stack(0x0000003150600000,0x0000003150700000)]
  0x0000013bd729c800 JavaThread "C2 CompilerThread3" daemon [_thread_in_native, id=28144, stack(0x0000003151400000,0x0000003151500000)]
  0x0000013bd87ed800 JavaThread "C2 CompilerThread4" daemon [_thread_in_vm, id=27788, stack(0x0000003151500000,0x0000003151600000)]
  0x0000013bd8b84000 JavaThread "C2 CompilerThread5" daemon [_thread_in_native, id=9240, stack(0x0000003151600000,0x0000003151700000)]
=>0x0000013bd81ed800 JavaThread "C2 CompilerThread6" daemon [_thread_in_native, id=860, stack(0x0000003151700000,0x0000003151800000)]
  0x0000013bd8304000 JavaThread "C2 CompilerThread7" daemon [_thread_in_native, id=28420, stack(0x0000003151800000,0x0000003151900000)]

Other Threads:
  0x0000013bd5ed8000 VMThread "VM Thread" [stack: 0x000000314f700000,0x000000314f800000] [id=348]
  0x0000013bd6102000 WatcherThread [stack: 0x0000003150100000,0x0000003150200000] [id=27888]
  0x0000013bac127000 GCTaskThread "GC Thread#0" [stack: 0x000000314f200000,0x000000314f300000] [id=7656]
  0x0000013bd68c7000 GCTaskThread "GC Thread#1" [stack: 0x0000003150700000,0x0000003150800000] [id=18148]
  0x0000013bd68c7800 GCTaskThread "GC Thread#2" [stack: 0x0000003150800000,0x0000003150900000] [id=22752]
  0x0000013bd681d800 GCTaskThread "GC Thread#3" [stack: 0x0000003150900000,0x0000003150a00000] [id=22756]
  0x0000013bd681e800 GCTaskThread "GC Thread#4" [stack: 0x0000003150a00000,0x0000003150b00000] [id=22864]
  0x0000013bd64c5000 GCTaskThread "GC Thread#5" [stack: 0x0000003150b00000,0x0000003150c00000] [id=22868]
  0x0000013bd64c5800 GCTaskThread "GC Thread#6" [stack: 0x0000003150c00000,0x0000003150d00000] [id=19236]
  0x0000013bd64c6000 GCTaskThread "GC Thread#7" [stack: 0x0000003150d00000,0x0000003150e00000] [id=16080]
  0x0000013bd68e2800 GCTaskThread "GC Thread#8" [stack: 0x0000003150e00000,0x0000003150f00000] [id=2004]
  0x0000013bd68e3800 GCTaskThread "GC Thread#9" [stack: 0x0000003150f00000,0x0000003151000000] [id=28000]
  0x0000013bd68e4000 GCTaskThread "GC Thread#10" [stack: 0x0000003151000000,0x0000003151100000] [id=900]
  0x0000013bd68e5000 GCTaskThread "GC Thread#11" [stack: 0x0000003151100000,0x0000003151200000] [id=9644]
  0x0000013be101e800 GCTaskThread "GC Thread#12" [stack: 0x0000003151f00000,0x0000003152000000] [id=25912]
  0x0000013bac1a8800 ConcurrentGCThread "G1 Main Marker" [stack: 0x000000314f300000,0x000000314f400000] [id=17312]
  0x0000013bac1ad000 ConcurrentGCThread "G1 Conc#0" [stack: 0x000000314f400000,0x000000314f500000] [id=27232]
  0x0000013bd77f9800 ConcurrentGCThread "G1 Conc#1" [stack: 0x0000003151200000,0x0000003151300000] [id=16792]
  0x0000013bd77fa800 ConcurrentGCThread "G1 Conc#2" [stack: 0x0000003151300000,0x0000003151400000] [id=21096]
  0x0000013bd5321000 ConcurrentGCThread "G1 Refine#0" [stack: 0x000000314f500000,0x000000314f600000] [id=23016]
  0x0000013bd8906800 ConcurrentGCThread "G1 Refine#1" [stack: 0x0000003151900000,0x0000003151a00000] [id=23532]
  0x0000013be07b2800 ConcurrentGCThread "G1 Refine#2" [stack: 0x0000003151a00000,0x0000003151b00000] [id=26696]
  0x0000013bdec89000 ConcurrentGCThread "G1 Refine#3" [stack: 0x0000003151b00000,0x0000003151c00000] [id=26448]
  0x0000013bd85bf000 ConcurrentGCThread "G1 Refine#4" [stack: 0x0000003151c00000,0x0000003151d00000] [id=27528]
  0x0000013bdd946000 ConcurrentGCThread "G1 Refine#5" [stack: 0x0000003151d00000,0x0000003151e00000] [id=24388]
  0x0000013bd876a000 ConcurrentGCThread "G1 Refine#6" [stack: 0x0000003151e00000,0x0000003151f00000] [id=27172]
  0x0000013bd5324000 ConcurrentGCThread "G1 Young RemSet Sampling" [stack: 0x000000314f600000,0x000000314f700000] [id=27532]

Threads with active compile tasks:
C2 CompilerThread0     4278 7176       4       org.jetbrains.kotlin.resolve.OverrideResolver$Companion::checkMissingOverridesByJava8Restrictions (347 bytes)
C2 CompilerThread1     4278 7233       4       org.jetbrains.kotlin.descriptors.impl.AbstractClassDescriptor::getOriginal (5 bytes)
C2 CompilerThread2     4278 7206       4       org.jetbrains.kotlin.resolve.OverrideResolver$Companion::checkInheritedAndDelegatedSignatures (630 bytes)
C2 CompilerThread3     4278 7154       4       org.jetbrains.kotlin.resolve.OverridingUtil::collectOverriddenDeclarations (123 bytes)
C2 CompilerThread4     4278 7235       4       kotlin.collections.CollectionsKt___CollectionsKt::firstOrNull (63 bytes)
C2 CompilerThread5     4278 7234       4       org.jetbrains.kotlin.descriptors.impl.ValueParameterDescriptorImpl::getOverriddenDescriptors (126 bytes)
C2 CompilerThread6     4279 7029       4       org.jetbrains.kotlin.resolve.lazy.descriptors.LazyClassMemberScope::getNonDeclaredFunctions (235 bytes)
C2 CompilerThread7     4279 7174       4       org.jetbrains.kotlin.resolve.OverrideResolver$Companion::collectOverriddenDeclarations (105 bytes)

VM state:not at safepoint (normal execution)

VM Mutex/Monitor currently owned by a thread: None

Heap address: 0x0000000601000000, size: 8176 MB, Compressed Oops mode: Zero based, Oop shift amount: 3
Narrow klass base: 0x0000000800000000, Narrow klass shift: 0
Compressed class space size: 1073741824 Address: 0x0000000800000000

Heap:
 garbage-first heap   total 630784K, used 68278K [0x0000000601000000, 0x0000000800000000)
  region size 2048K, 6 young (12288K), 1 survivors (2048K)
 Metaspace       used 55261K, capacity 55860K, committed 56140K, reserved 1099776K
  class space    used 6127K, capacity 6344K, committed 6476K, reserved 1048576K
Heap Regions: E=young(eden), S=young(survivor), O=old, HS=humongous(starts), HC=humongous(continues), CS=collection set, F=free, A=archive, TAMS=top-at-mark-start (previous, next)
|   0|0x0000000601000000, 0x0000000601200000, 0x0000000601200000|100%|HS|  |TAMS 0x0000000601200000, 0x0000000601000000| Complete 
|   1|0x0000000601200000, 0x0000000601400000, 0x0000000601400000|100%|HC|  |TAMS 0x0000000601400000, 0x0000000601200000| Complete 
|   2|0x0000000601400000, 0x0000000601600000, 0x0000000601600000|100%|HS|  |TAMS 0x0000000601600000, 0x0000000601400000| Complete 
|   3|0x0000000601600000, 0x0000000601800000, 0x0000000601800000|100%|HC|  |TAMS 0x0000000601800000, 0x0000000601600000| Complete 
|   4|0x0000000601800000, 0x0000000601a00000, 0x0000000601a00000|100%|HS|  |TAMS 0x0000000601800000, 0x0000000601800000| Complete 
|   5|0x0000000601a00000, 0x0000000601c00000, 0x0000000601c00000|100%| O|  |TAMS 0x0000000601c00000, 0x0000000601a00000| Untracked 
|   6|0x0000000601c00000, 0x0000000601e00000, 0x0000000601e00000|100%| O|  |TAMS 0x0000000601e00000, 0x0000000601c00000| Untracked 
|   7|0x0000000601e00000, 0x0000000602000000, 0x0000000602000000|100%| O|  |TAMS 0x0000000602000000, 0x0000000601e00000| Untracked 
|   8|0x0000000602000000, 0x0000000602200000, 0x0000000602200000|100%| O|  |TAMS 0x0000000602189200, 0x0000000602000000| Untracked 
|   9|0x0000000602200000, 0x0000000602400000, 0x0000000602400000|100%| O|  |TAMS 0x0000000602200000, 0x0000000602200000| Untracked 
|  10|0x0000000602400000, 0x0000000602600000, 0x0000000602600000|100%| O|  |TAMS 0x0000000602400000, 0x0000000602400000| Untracked 
|  11|0x0000000602600000, 0x0000000602800000, 0x0000000602800000|100%| O|  |TAMS 0x0000000602600000, 0x0000000602600000| Untracked 
|  12|0x0000000602800000, 0x0000000602a00000, 0x0000000602a00000|100%| O|  |TAMS 0x0000000602800000, 0x0000000602800000| Untracked 
|  13|0x0000000602a00000, 0x0000000602c00000, 0x0000000602c00000|100%| O|  |TAMS 0x0000000602a00000, 0x0000000602a00000| Untracked 
|  14|0x0000000602c00000, 0x0000000602e00000, 0x0000000602e00000|100%| O|  |TAMS 0x0000000602c00000, 0x0000000602c00000| Untracked 
|  15|0x0000000602e00000, 0x0000000603000000, 0x0000000603000000|100%| O|  |TAMS 0x0000000602e00000, 0x0000000602e00000| Untracked 
|  16|0x0000000603000000, 0x0000000603200000, 0x0000000603200000|100%| O|  |TAMS 0x0000000603000000, 0x0000000603000000| Untracked 
|  17|0x0000000603200000, 0x0000000603400000, 0x0000000603400000|100%| O|  |TAMS 0x0000000603200000, 0x0000000603200000| Untracked 
|  18|0x0000000603400000, 0x0000000603600000, 0x0000000603600000|100%| O|  |TAMS 0x0000000603400000, 0x0000000603400000| Untracked 
|  19|0x0000000603600000, 0x0000000603800000, 0x0000000603800000|100%| O|  |TAMS 0x0000000603600000, 0x0000000603600000| Untracked 
|  20|0x0000000603800000, 0x0000000603a00000, 0x0000000603a00000|100%| O|  |TAMS 0x0000000603800000, 0x0000000603800000| Untracked 
|  21|0x0000000603a00000, 0x0000000603c00000, 0x0000000603c00000|100%| O|  |TAMS 0x0000000603a00000, 0x0000000603a00000| Untracked 
|  22|0x0000000603c00000, 0x0000000603e00000, 0x0000000603e00000|100%| O|  |TAMS 0x0000000603c00000, 0x0000000603c00000| Untracked 
|  23|0x0000000603e00000, 0x0000000604000000, 0x0000000604000000|100%| O|  |TAMS 0x0000000603e00000, 0x0000000603e00000| Untracked 
|  24|0x0000000604000000, 0x0000000604200000, 0x0000000604200000|100%| O|  |TAMS 0x0000000604000000, 0x0000000604000000| Untracked 
|  25|0x0000000604200000, 0x0000000604400000, 0x0000000604400000|100%| O|  |TAMS 0x0000000604200000, 0x0000000604200000| Untracked 
|  26|0x0000000604400000, 0x0000000604600000, 0x0000000604600000|100%| O|  |TAMS 0x0000000604400000, 0x0000000604400000| Untracked 
|  27|0x0000000604600000, 0x0000000604800000, 0x0000000604800000|100%| O|  |TAMS 0x0000000604600000, 0x0000000604600000| Untracked 
|  28|0x0000000604800000, 0x00000006048bae00, 0x0000000604a00000| 36%| O|  |TAMS 0x0000000604800000, 0x0000000604800000| Untracked 
|  29|0x0000000604a00000, 0x0000000604a00000, 0x0000000604c00000|  0%| F|  |TAMS 0x0000000604a00000, 0x0000000604a00000| Untracked 
|  30|0x0000000604c00000, 0x0000000604c00000, 0x0000000604e00000|  0%| F|  |TAMS 0x0000000604c00000, 0x0000000604c00000| Untracked 
|  31|0x0000000604e00000, 0x0000000604e00000, 0x0000000605000000|  0%| F|  |TAMS 0x0000000604e00000, 0x0000000604e00000| Untracked 
|  32|0x0000000605000000, 0x0000000605000000, 0x0000000605200000|  0%| F|  |TAMS 0x0000000605000000, 0x0000000605000000| Untracked 
|  33|0x0000000605200000, 0x0000000605200000, 0x0000000605400000|  0%| F|  |TAMS 0x0000000605200000, 0x0000000605200000| Untracked 
|  34|0x0000000605400000, 0x0000000605400000, 0x0000000605600000|  0%| F|  |TAMS 0x0000000605400000, 0x0000000605400000| Untracked 
|  35|0x0000000605600000, 0x0000000605600000, 0x0000000605800000|  0%| F|  |TAMS 0x0000000605600000, 0x0000000605600000| Untracked 
|  36|0x0000000605800000, 0x0000000605800000, 0x0000000605a00000|  0%| F|  |TAMS 0x0000000605800000, 0x0000000605800000| Untracked 
|  37|0x0000000605a00000, 0x0000000605a00000, 0x0000000605c00000|  0%| F|  |TAMS 0x0000000605a00000, 0x0000000605a00000| Untracked 
|  38|0x0000000605c00000, 0x0000000605c00000, 0x0000000605e00000|  0%| F|  |TAMS 0x0000000605c00000, 0x0000000605c00000| Untracked 
|  39|0x0000000605e00000, 0x0000000605e00000, 0x0000000606000000|  0%| F|  |TAMS 0x0000000605e00000, 0x0000000605e00000| Untracked 
|  40|0x0000000606000000, 0x0000000606000000, 0x0000000606200000|  0%| F|  |TAMS 0x0000000606000000, 0x0000000606000000| Untracked 
|  41|0x0000000606200000, 0x0000000606200000, 0x0000000606400000|  0%| F|  |TAMS 0x0000000606200000, 0x0000000606200000| Untracked 
|  42|0x0000000606400000, 0x0000000606400000, 0x0000000606600000|  0%| F|  |TAMS 0x0000000606400000, 0x0000000606400000| Untracked 
|  43|0x0000000606600000, 0x0000000606600000, 0x0000000606800000|  0%| F|  |TAMS 0x0000000606600000, 0x0000000606600000| Untracked 
|  44|0x0000000606800000, 0x0000000606800000, 0x0000000606a00000|  0%| F|  |TAMS 0x0000000606800000, 0x0000000606800000| Untracked 
|  45|0x0000000606a00000, 0x0000000606a00000, 0x0000000606c00000|  0%| F|  |TAMS 0x0000000606a00000, 0x0000000606a00000| Untracked 
|  46|0x0000000606c00000, 0x0000000606c00000, 0x0000000606e00000|  0%| F|  |TAMS 0x0000000606c00000, 0x0000000606c00000| Untracked 
|  47|0x0000000606e00000, 0x0000000606e00000, 0x0000000607000000|  0%| F|  |TAMS 0x0000000606e00000, 0x0000000606e00000| Untracked 
|  48|0x0000000607000000, 0x0000000607000000, 0x0000000607200000|  0%| F|  |TAMS 0x0000000607000000, 0x0000000607000000| Untracked 
|  49|0x0000000607200000, 0x0000000607200000, 0x0000000607400000|  0%| F|  |TAMS 0x0000000607200000, 0x0000000607200000| Untracked 
|  50|0x0000000607400000, 0x0000000607400000, 0x0000000607600000|  0%| F|  |TAMS 0x0000000607400000, 0x0000000607400000| Untracked 
|  51|0x0000000607600000, 0x0000000607600000, 0x0000000607800000|  0%| F|  |TAMS 0x0000000607600000, 0x0000000607600000| Untracked 
|  52|0x0000000607800000, 0x0000000607800000, 0x0000000607a00000|  0%| F|  |TAMS 0x0000000607800000, 0x0000000607800000| Untracked 
|  53|0x0000000607a00000, 0x0000000607a00000, 0x0000000607c00000|  0%| F|  |TAMS 0x0000000607a00000, 0x0000000607a00000| Untracked 
|  54|0x0000000607c00000, 0x0000000607c00000, 0x0000000607e00000|  0%| F|  |TAMS 0x0000000607c00000, 0x0000000607c00000| Untracked 
|  55|0x0000000607e00000, 0x0000000607e00000, 0x0000000608000000|  0%| F|  |TAMS 0x0000000607e00000, 0x0000000607e00000| Untracked 
|  56|0x0000000608000000, 0x0000000608000000, 0x0000000608200000|  0%| F|  |TAMS 0x0000000608000000, 0x0000000608000000| Untracked 
|  57|0x0000000608200000, 0x0000000608200000, 0x0000000608400000|  0%| F|  |TAMS 0x0000000608200000, 0x0000000608200000| Untracked 
|  58|0x0000000608400000, 0x0000000608400000, 0x0000000608600000|  0%| F|  |TAMS 0x0000000608400000, 0x0000000608400000| Untracked 
|  59|0x0000000608600000, 0x0000000608600000, 0x0000000608800000|  0%| F|  |TAMS 0x0000000608600000, 0x0000000608600000| Untracked 
|  60|0x0000000608800000, 0x0000000608800000, 0x0000000608a00000|  0%| F|  |TAMS 0x0000000608800000, 0x0000000608800000| Untracked 
|  61|0x0000000608a00000, 0x0000000608a00000, 0x0000000608c00000|  0%| F|  |TAMS 0x0000000608a00000, 0x0000000608a00000| Untracked 
|  62|0x0000000608c00000, 0x0000000608c00000, 0x0000000608e00000|  0%| F|  |TAMS 0x0000000608c00000, 0x0000000608c00000| Untracked 
|  63|0x0000000608e00000, 0x0000000608e00000, 0x0000000609000000|  0%| F|  |TAMS 0x0000000608e00000, 0x0000000608e00000| Untracked 
|  64|0x0000000609000000, 0x0000000609000000, 0x0000000609200000|  0%| F|  |TAMS 0x0000000609000000, 0x0000000609000000| Untracked 
|  65|0x0000000609200000, 0x0000000609200000, 0x0000000609400000|  0%| F|  |TAMS 0x0000000609200000, 0x0000000609200000| Untracked 
|  66|0x0000000609400000, 0x0000000609400000, 0x0000000609600000|  0%| F|  |TAMS 0x0000000609400000, 0x0000000609400000| Untracked 
|  67|0x0000000609600000, 0x0000000609600000, 0x0000000609800000|  0%| F|  |TAMS 0x0000000609600000, 0x0000000609600000| Untracked 
|  68|0x0000000609800000, 0x0000000609800000, 0x0000000609a00000|  0%| F|  |TAMS 0x0000000609800000, 0x0000000609800000| Untracked 
|  69|0x0000000609a00000, 0x0000000609a00000, 0x0000000609c00000|  0%| F|  |TAMS 0x0000000609a00000, 0x0000000609a00000| Untracked 
|  70|0x0000000609c00000, 0x0000000609c00000, 0x0000000609e00000|  0%| F|  |TAMS 0x0000000609c00000, 0x0000000609c00000| Untracked 
|  71|0x0000000609e00000, 0x0000000609e00000, 0x000000060a000000|  0%| F|  |TAMS 0x0000000609e00000, 0x0000000609e00000| Untracked 
|  72|0x000000060a000000, 0x000000060a000000, 0x000000060a200000|  0%| F|  |TAMS 0x000000060a000000, 0x000000060a000000| Untracked 
|  73|0x000000060a200000, 0x000000060a200000, 0x000000060a400000|  0%| F|  |TAMS 0x000000060a200000, 0x000000060a200000| Untracked 
|  74|0x000000060a400000, 0x000000060a400000, 0x000000060a600000|  0%| F|  |TAMS 0x000000060a400000, 0x000000060a400000| Untracked 
|  75|0x000000060a600000, 0x000000060a600000, 0x000000060a800000|  0%| F|  |TAMS 0x000000060a600000, 0x000000060a600000| Untracked 
|  76|0x000000060a800000, 0x000000060a800000, 0x000000060aa00000|  0%| F|  |TAMS 0x000000060a800000, 0x000000060a800000| Untracked 
|  77|0x000000060aa00000, 0x000000060aa00000, 0x000000060ac00000|  0%| F|  |TAMS 0x000000060aa00000, 0x000000060aa00000| Untracked 
|  78|0x000000060ac00000, 0x000000060ac00000, 0x000000060ae00000|  0%| F|  |TAMS 0x000000060ac00000, 0x000000060ac00000| Untracked 
|  79|0x000000060ae00000, 0x000000060ae00000, 0x000000060b000000|  0%| F|  |TAMS 0x000000060ae00000, 0x000000060ae00000| Untracked 
|  80|0x000000060b000000, 0x000000060b000000, 0x000000060b200000|  0%| F|  |TAMS 0x000000060b000000, 0x000000060b000000| Untracked 
|  81|0x000000060b200000, 0x000000060b200000, 0x000000060b400000|  0%| F|  |TAMS 0x000000060b200000, 0x000000060b200000| Untracked 
|  82|0x000000060b400000, 0x000000060b400000, 0x000000060b600000|  0%| F|  |TAMS 0x000000060b400000, 0x000000060b400000| Untracked 
|  83|0x000000060b600000, 0x000000060b600000, 0x000000060b800000|  0%| F|  |TAMS 0x000000060b600000, 0x000000060b600000| Untracked 
|  84|0x000000060b800000, 0x000000060b800000, 0x000000060ba00000|  0%| F|  |TAMS 0x000000060b800000, 0x000000060b800000| Untracked 
|  85|0x000000060ba00000, 0x000000060ba00000, 0x000000060bc00000|  0%| F|  |TAMS 0x000000060ba00000, 0x000000060ba00000| Untracked 
|  86|0x000000060bc00000, 0x000000060bc00000, 0x000000060be00000|  0%| F|  |TAMS 0x000000060bc00000, 0x000000060bc00000| Untracked 
|  87|0x000000060be00000, 0x000000060be00000, 0x000000060c000000|  0%| F|  |TAMS 0x000000060be00000, 0x000000060be00000| Untracked 
|  88|0x000000060c000000, 0x000000060c000000, 0x000000060c200000|  0%| F|  |TAMS 0x000000060c000000, 0x000000060c000000| Untracked 
|  89|0x000000060c200000, 0x000000060c200000, 0x000000060c400000|  0%| F|  |TAMS 0x000000060c200000, 0x000000060c200000| Untracked 
|  90|0x000000060c400000, 0x000000060c400000, 0x000000060c600000|  0%| F|  |TAMS 0x000000060c400000, 0x000000060c400000| Untracked 
|  91|0x000000060c600000, 0x000000060c600000, 0x000000060c800000|  0%| F|  |TAMS 0x000000060c600000, 0x000000060c600000| Untracked 
|  92|0x000000060c800000, 0x000000060c800000, 0x000000060ca00000|  0%| F|  |TAMS 0x000000060c800000, 0x000000060c800000| Untracked 
|  93|0x000000060ca00000, 0x000000060ca00000, 0x000000060cc00000|  0%| F|  |TAMS 0x000000060ca00000, 0x000000060ca00000| Untracked 
|  94|0x000000060cc00000, 0x000000060cc00000, 0x000000060ce00000|  0%| F|  |TAMS 0x000000060cc00000, 0x000000060cc00000| Untracked 
|  95|0x000000060ce00000, 0x000000060ce00000, 0x000000060d000000|  0%| F|  |TAMS 0x000000060ce00000, 0x000000060ce00000| Untracked 
|  96|0x000000060d000000, 0x000000060d000000, 0x000000060d200000|  0%| F|  |TAMS 0x000000060d000000, 0x000000060d000000| Untracked 
|  97|0x000000060d200000, 0x000000060d200000, 0x000000060d400000|  0%| F|  |TAMS 0x000000060d200000, 0x000000060d200000| Untracked 
|  98|0x000000060d400000, 0x000000060d400000, 0x000000060d600000|  0%| F|  |TAMS 0x000000060d400000, 0x000000060d400000| Untracked 
|  99|0x000000060d600000, 0x000000060d600000, 0x000000060d800000|  0%| F|  |TAMS 0x000000060d600000, 0x000000060d600000| Untracked 
| 100|0x000000060d800000, 0x000000060d800000, 0x000000060da00000|  0%| F|  |TAMS 0x000000060d800000, 0x000000060d800000| Untracked 
| 101|0x000000060da00000, 0x000000060da00000, 0x000000060dc00000|  0%| F|  |TAMS 0x000000060da00000, 0x000000060da00000| Untracked 
| 102|0x000000060dc00000, 0x000000060dc00000, 0x000000060de00000|  0%| F|  |TAMS 0x000000060dc00000, 0x000000060dc00000| Untracked 
| 103|0x000000060de00000, 0x000000060de00000, 0x000000060e000000|  0%| F|  |TAMS 0x000000060de00000, 0x000000060de00000| Untracked 
| 104|0x000000060e000000, 0x000000060e000000, 0x000000060e200000|  0%| F|  |TAMS 0x000000060e000000, 0x000000060e000000| Untracked 
| 105|0x000000060e200000, 0x000000060e200000, 0x000000060e400000|  0%| F|  |TAMS 0x000000060e200000, 0x000000060e200000| Untracked 
| 106|0x000000060e400000, 0x000000060e400000, 0x000000060e600000|  0%| F|  |TAMS 0x000000060e400000, 0x000000060e400000| Untracked 
| 107|0x000000060e600000, 0x000000060e600000, 0x000000060e800000|  0%| F|  |TAMS 0x000000060e600000, 0x000000060e600000| Untracked 
| 108|0x000000060e800000, 0x000000060e800000, 0x000000060ea00000|  0%| F|  |TAMS 0x000000060e800000, 0x000000060e800000| Untracked 
| 109|0x000000060ea00000, 0x000000060ea00000, 0x000000060ec00000|  0%| F|  |TAMS 0x000000060ea00000, 0x000000060ea00000| Untracked 
| 110|0x000000060ec00000, 0x000000060ec00000, 0x000000060ee00000|  0%| F|  |TAMS 0x000000060ec00000, 0x000000060ec00000| Untracked 
| 111|0x000000060ee00000, 0x000000060ee00000, 0x000000060f000000|  0%| F|  |TAMS 0x000000060ee00000, 0x000000060ee00000| Untracked 
| 112|0x000000060f000000, 0x000000060f000000, 0x000000060f200000|  0%| F|  |TAMS 0x000000060f000000, 0x000000060f000000| Untracked 
| 113|0x000000060f200000, 0x000000060f200000, 0x000000060f400000|  0%| F|  |TAMS 0x000000060f200000, 0x000000060f200000| Untracked 
| 114|0x000000060f400000, 0x000000060f400000, 0x000000060f600000|  0%| F|  |TAMS 0x000000060f400000, 0x000000060f400000| Untracked 
| 115|0x000000060f600000, 0x000000060f600000, 0x000000060f800000|  0%| F|  |TAMS 0x000000060f600000, 0x000000060f600000| Untracked 
| 116|0x000000060f800000, 0x000000060f800000, 0x000000060fa00000|  0%| F|  |TAMS 0x000000060f800000, 0x000000060f800000| Untracked 
| 117|0x000000060fa00000, 0x000000060fa00000, 0x000000060fc00000|  0%| F|  |TAMS 0x000000060fa00000, 0x000000060fa00000| Untracked 
| 118|0x000000060fc00000, 0x000000060fc00000, 0x000000060fe00000|  0%| F|  |TAMS 0x000000060fc00000, 0x000000060fc00000| Untracked 
| 119|0x000000060fe00000, 0x000000060fe00000, 0x0000000610000000|  0%| F|  |TAMS 0x000000060fe00000, 0x000000060fe00000| Untracked 
| 120|0x0000000610000000, 0x0000000610000000, 0x0000000610200000|  0%| F|  |TAMS 0x0000000610000000, 0x0000000610000000| Untracked 
| 121|0x0000000610200000, 0x0000000610200000, 0x0000000610400000|  0%| F|  |TAMS 0x0000000610200000, 0x0000000610200000| Untracked 
| 122|0x0000000610400000, 0x0000000610400000, 0x0000000610600000|  0%| F|  |TAMS 0x0000000610400000, 0x0000000610400000| Untracked 
| 123|0x0000000610600000, 0x0000000610600000, 0x0000000610800000|  0%| F|  |TAMS 0x0000000610600000, 0x0000000610600000| Untracked 
| 124|0x0000000610800000, 0x0000000610800000, 0x0000000610a00000|  0%| F|  |TAMS 0x0000000610800000, 0x0000000610800000| Untracked 
| 125|0x0000000610a00000, 0x0000000610a00000, 0x0000000610c00000|  0%| F|  |TAMS 0x0000000610a00000, 0x0000000610a00000| Untracked 
| 126|0x0000000610c00000, 0x0000000610c00000, 0x0000000610e00000|  0%| F|  |TAMS 0x0000000610c00000, 0x0000000610c00000| Untracked 
| 127|0x0000000610e00000, 0x0000000610e00000, 0x0000000611000000|  0%| F|  |TAMS 0x0000000610e00000, 0x0000000610e00000| Untracked 
| 128|0x0000000611000000, 0x0000000611000000, 0x0000000611200000|  0%| F|  |TAMS 0x0000000611000000, 0x0000000611000000| Untracked 
| 129|0x0000000611200000, 0x0000000611200000, 0x0000000611400000|  0%| F|  |TAMS 0x0000000611200000, 0x0000000611200000| Untracked 
| 130|0x0000000611400000, 0x0000000611400000, 0x0000000611600000|  0%| F|  |TAMS 0x0000000611400000, 0x0000000611400000| Untracked 
| 131|0x0000000611600000, 0x0000000611600000, 0x0000000611800000|  0%| F|  |TAMS 0x0000000611600000, 0x0000000611600000| Untracked 
| 132|0x0000000611800000, 0x0000000611800000, 0x0000000611a00000|  0%| F|  |TAMS 0x0000000611800000, 0x0000000611800000| Untracked 
| 133|0x0000000611a00000, 0x0000000611a00000, 0x0000000611c00000|  0%| F|  |TAMS 0x0000000611a00000, 0x0000000611a00000| Untracked 
| 134|0x0000000611c00000, 0x0000000611c00000, 0x0000000611e00000|  0%| F|  |TAMS 0x0000000611c00000, 0x0000000611c00000| Untracked 
| 135|0x0000000611e00000, 0x0000000611e00000, 0x0000000612000000|  0%| F|  |TAMS 0x0000000611e00000, 0x0000000611e00000| Untracked 
| 136|0x0000000612000000, 0x0000000612000000, 0x0000000612200000|  0%| F|  |TAMS 0x0000000612000000, 0x0000000612000000| Untracked 
| 137|0x0000000612200000, 0x0000000612200000, 0x0000000612400000|  0%| F|  |TAMS 0x0000000612200000, 0x0000000612200000| Untracked 
| 138|0x0000000612400000, 0x0000000612400000, 0x0000000612600000|  0%| F|  |TAMS 0x0000000612400000, 0x0000000612400000| Untracked 
| 139|0x0000000612600000, 0x0000000612600000, 0x0000000612800000|  0%| F|  |TAMS 0x0000000612600000, 0x0000000612600000| Untracked 
| 140|0x0000000612800000, 0x0000000612800000, 0x0000000612a00000|  0%| F|  |TAMS 0x0000000612800000, 0x0000000612800000| Untracked 
| 141|0x0000000612a00000, 0x0000000612a00000, 0x0000000612c00000|  0%| F|  |TAMS 0x0000000612a00000, 0x0000000612a00000| Untracked 
| 142|0x0000000612c00000, 0x0000000612c00000, 0x0000000612e00000|  0%| F|  |TAMS 0x0000000612c00000, 0x0000000612c00000| Untracked 
| 143|0x0000000612e00000, 0x0000000612e00000, 0x0000000613000000|  0%| F|  |TAMS 0x0000000612e00000, 0x0000000612e00000| Untracked 
| 144|0x0000000613000000, 0x0000000613000000, 0x0000000613200000|  0%| F|  |TAMS 0x0000000613000000, 0x0000000613000000| Untracked 
| 145|0x0000000613200000, 0x0000000613200000, 0x0000000613400000|  0%| F|  |TAMS 0x0000000613200000, 0x0000000613200000| Untracked 
| 146|0x0000000613400000, 0x0000000613400000, 0x0000000613600000|  0%| F|  |TAMS 0x0000000613400000, 0x0000000613400000| Untracked 
| 147|0x0000000613600000, 0x0000000613600000, 0x0000000613800000|  0%| F|  |TAMS 0x0000000613600000, 0x0000000613600000| Untracked 
| 148|0x0000000613800000, 0x0000000613800000, 0x0000000613a00000|  0%| F|  |TAMS 0x0000000613800000, 0x0000000613800000| Untracked 
| 149|0x0000000613a00000, 0x0000000613a00000, 0x0000000613c00000|  0%| F|  |TAMS 0x0000000613a00000, 0x0000000613a00000| Untracked 
| 150|0x0000000613c00000, 0x0000000613c00000, 0x0000000613e00000|  0%| F|  |TAMS 0x0000000613c00000, 0x0000000613c00000| Untracked 
| 151|0x0000000613e00000, 0x0000000613e00000, 0x0000000614000000|  0%| F|  |TAMS 0x0000000613e00000, 0x0000000613e00000| Untracked 
| 152|0x0000000614000000, 0x0000000614000000, 0x0000000614200000|  0%| F|  |TAMS 0x0000000614000000, 0x0000000614000000| Untracked 
| 153|0x0000000614200000, 0x0000000614200000, 0x0000000614400000|  0%| F|  |TAMS 0x0000000614200000, 0x0000000614200000| Untracked 
| 154|0x0000000614400000, 0x0000000614400000, 0x0000000614600000|  0%| F|  |TAMS 0x0000000614400000, 0x0000000614400000| Untracked 
| 155|0x0000000614600000, 0x0000000614600000, 0x0000000614800000|  0%| F|  |TAMS 0x0000000614600000, 0x0000000614600000| Untracked 
| 156|0x0000000614800000, 0x0000000614800000, 0x0000000614a00000|  0%| F|  |TAMS 0x0000000614800000, 0x0000000614800000| Untracked 
| 157|0x0000000614a00000, 0x0000000614a00000, 0x0000000614c00000|  0%| F|  |TAMS 0x0000000614a00000, 0x0000000614a00000| Untracked 
| 158|0x0000000614c00000, 0x0000000614c00000, 0x0000000614e00000|  0%| F|  |TAMS 0x0000000614c00000, 0x0000000614c00000| Untracked 
| 159|0x0000000614e00000, 0x0000000614e00000, 0x0000000615000000|  0%| F|  |TAMS 0x0000000614e00000, 0x0000000614e00000| Untracked 
| 160|0x0000000615000000, 0x0000000615000000, 0x0000000615200000|  0%| F|  |TAMS 0x0000000615000000, 0x0000000615000000| Untracked 
| 161|0x0000000615200000, 0x0000000615200000, 0x0000000615400000|  0%| F|  |TAMS 0x0000000615200000, 0x0000000615200000| Untracked 
| 162|0x0000000615400000, 0x0000000615400000, 0x0000000615600000|  0%| F|  |TAMS 0x0000000615400000, 0x0000000615400000| Untracked 
| 163|0x0000000615600000, 0x0000000615600000, 0x0000000615800000|  0%| F|  |TAMS 0x0000000615600000, 0x0000000615600000| Untracked 
| 164|0x0000000615800000, 0x0000000615800000, 0x0000000615a00000|  0%| F|  |TAMS 0x0000000615800000, 0x0000000615800000| Untracked 
| 165|0x0000000615a00000, 0x0000000615a00000, 0x0000000615c00000|  0%| F|  |TAMS 0x0000000615a00000, 0x0000000615a00000| Untracked 
| 166|0x0000000615c00000, 0x0000000615c00000, 0x0000000615e00000|  0%| F|  |TAMS 0x0000000615c00000, 0x0000000615c00000| Untracked 
| 167|0x0000000615e00000, 0x0000000615e00000, 0x0000000616000000|  0%| F|  |TAMS 0x0000000615e00000, 0x0000000615e00000| Untracked 
| 168|0x0000000616000000, 0x0000000616000000, 0x0000000616200000|  0%| F|  |TAMS 0x0000000616000000, 0x0000000616000000| Untracked 
| 169|0x0000000616200000, 0x0000000616200000, 0x0000000616400000|  0%| F|  |TAMS 0x0000000616200000, 0x0000000616200000| Untracked 
| 170|0x0000000616400000, 0x0000000616400000, 0x0000000616600000|  0%| F|  |TAMS 0x0000000616400000, 0x0000000616400000| Untracked 
| 171|0x0000000616600000, 0x0000000616600000, 0x0000000616800000|  0%| F|  |TAMS 0x0000000616600000, 0x0000000616600000| Untracked 
| 172|0x0000000616800000, 0x0000000616800000, 0x0000000616a00000|  0%| F|  |TAMS 0x0000000616800000, 0x0000000616800000| Untracked 
| 173|0x0000000616a00000, 0x0000000616a00000, 0x0000000616c00000|  0%| F|  |TAMS 0x0000000616a00000, 0x0000000616a00000| Untracked 
| 174|0x0000000616c00000, 0x0000000616c00000, 0x0000000616e00000|  0%| F|  |TAMS 0x0000000616c00000, 0x0000000616c00000| Untracked 
| 175|0x0000000616e00000, 0x0000000616e00000, 0x0000000617000000|  0%| F|  |TAMS 0x0000000616e00000, 0x0000000616e00000| Untracked 
| 176|0x0000000617000000, 0x0000000617000000, 0x0000000617200000|  0%| F|  |TAMS 0x0000000617000000, 0x0000000617000000| Untracked 
| 177|0x0000000617200000, 0x0000000617200000, 0x0000000617400000|  0%| F|  |TAMS 0x0000000617200000, 0x0000000617200000| Untracked 
| 178|0x0000000617400000, 0x0000000617400000, 0x0000000617600000|  0%| F|  |TAMS 0x0000000617400000, 0x0000000617400000| Untracked 
| 179|0x0000000617600000, 0x0000000617600000, 0x0000000617800000|  0%| F|  |TAMS 0x0000000617600000, 0x0000000617600000| Untracked 
| 180|0x0000000617800000, 0x0000000617800000, 0x0000000617a00000|  0%| F|  |TAMS 0x0000000617800000, 0x0000000617800000| Untracked 
| 181|0x0000000617a00000, 0x0000000617a00000, 0x0000000617c00000|  0%| F|  |TAMS 0x0000000617a00000, 0x0000000617a00000| Untracked 
| 182|0x0000000617c00000, 0x0000000617c00000, 0x0000000617e00000|  0%| F|  |TAMS 0x0000000617c00000, 0x0000000617c00000| Untracked 
| 183|0x0000000617e00000, 0x0000000617e00000, 0x0000000618000000|  0%| F|  |TAMS 0x0000000617e00000, 0x0000000617e00000| Untracked 
| 184|0x0000000618000000, 0x0000000618000000, 0x0000000618200000|  0%| F|  |TAMS 0x0000000618000000, 0x0000000618000000| Untracked 
| 185|0x0000000618200000, 0x0000000618200000, 0x0000000618400000|  0%| F|  |TAMS 0x0000000618200000, 0x0000000618200000| Untracked 
| 186|0x0000000618400000, 0x0000000618400000, 0x0000000618600000|  0%| F|  |TAMS 0x0000000618400000, 0x0000000618400000| Untracked 
| 187|0x0000000618600000, 0x0000000618600000, 0x0000000618800000|  0%| F|  |TAMS 0x0000000618600000, 0x0000000618600000| Untracked 
| 188|0x0000000618800000, 0x0000000618800000, 0x0000000618a00000|  0%| F|  |TAMS 0x0000000618800000, 0x0000000618800000| Untracked 
| 189|0x0000000618a00000, 0x0000000618a00000, 0x0000000618c00000|  0%| F|  |TAMS 0x0000000618a00000, 0x0000000618a00000| Untracked 
| 190|0x0000000618c00000, 0x0000000618c00000, 0x0000000618e00000|  0%| F|  |TAMS 0x0000000618c00000, 0x0000000618c00000| Untracked 
| 191|0x0000000618e00000, 0x0000000618e00000, 0x0000000619000000|  0%| F|  |TAMS 0x0000000618e00000, 0x0000000618e00000| Untracked 
| 192|0x0000000619000000, 0x0000000619000000, 0x0000000619200000|  0%| F|  |TAMS 0x0000000619000000, 0x0000000619000000| Untracked 
| 193|0x0000000619200000, 0x0000000619200000, 0x0000000619400000|  0%| F|  |TAMS 0x0000000619200000, 0x0000000619200000| Untracked 
| 194|0x0000000619400000, 0x0000000619400000, 0x0000000619600000|  0%| F|  |TAMS 0x0000000619400000, 0x0000000619400000| Untracked 
| 195|0x0000000619600000, 0x0000000619600000, 0x0000000619800000|  0%| F|  |TAMS 0x0000000619600000, 0x0000000619600000| Untracked 
| 196|0x0000000619800000, 0x0000000619800000, 0x0000000619a00000|  0%| F|  |TAMS 0x0000000619800000, 0x0000000619800000| Untracked 
| 197|0x0000000619a00000, 0x0000000619a00000, 0x0000000619c00000|  0%| F|  |TAMS 0x0000000619a00000, 0x0000000619a00000| Untracked 
| 198|0x0000000619c00000, 0x0000000619c00000, 0x0000000619e00000|  0%| F|  |TAMS 0x0000000619c00000, 0x0000000619c00000| Untracked 
| 199|0x0000000619e00000, 0x0000000619e00000, 0x000000061a000000|  0%| F|  |TAMS 0x0000000619e00000, 0x0000000619e00000| Untracked 
| 200|0x000000061a000000, 0x000000061a000000, 0x000000061a200000|  0%| F|  |TAMS 0x000000061a000000, 0x000000061a000000| Untracked 
| 201|0x000000061a200000, 0x000000061a200000, 0x000000061a400000|  0%| F|  |TAMS 0x000000061a200000, 0x000000061a200000| Untracked 
| 202|0x000000061a400000, 0x000000061a400000, 0x000000061a600000|  0%| F|  |TAMS 0x000000061a400000, 0x000000061a400000| Untracked 
| 203|0x000000061a600000, 0x000000061a600000, 0x000000061a800000|  0%| F|  |TAMS 0x000000061a600000, 0x000000061a600000| Untracked 
| 204|0x000000061a800000, 0x000000061a800000, 0x000000061aa00000|  0%| F|  |TAMS 0x000000061a800000, 0x000000061a800000| Untracked 
| 205|0x000000061aa00000, 0x000000061aa00000, 0x000000061ac00000|  0%| F|  |TAMS 0x000000061aa00000, 0x000000061aa00000| Untracked 
| 206|0x000000061ac00000, 0x000000061ac00000, 0x000000061ae00000|  0%| F|  |TAMS 0x000000061ac00000, 0x000000061ac00000| Untracked 
| 207|0x000000061ae00000, 0x000000061ae00000, 0x000000061b000000|  0%| F|  |TAMS 0x000000061ae00000, 0x000000061ae00000| Untracked 
| 208|0x000000061b000000, 0x000000061b000000, 0x000000061b200000|  0%| F|  |TAMS 0x000000061b000000, 0x000000061b000000| Untracked 
| 209|0x000000061b200000, 0x000000061b200000, 0x000000061b400000|  0%| F|  |TAMS 0x000000061b200000, 0x000000061b200000| Untracked 
| 210|0x000000061b400000, 0x000000061b400000, 0x000000061b600000|  0%| F|  |TAMS 0x000000061b400000, 0x000000061b400000| Untracked 
| 211|0x000000061b600000, 0x000000061b600000, 0x000000061b800000|  0%| F|  |TAMS 0x000000061b600000, 0x000000061b600000| Untracked 
| 212|0x000000061b800000, 0x000000061b800000, 0x000000061ba00000|  0%| F|  |TAMS 0x000000061b800000, 0x000000061b800000| Untracked 
| 213|0x000000061ba00000, 0x000000061ba00000, 0x000000061bc00000|  0%| F|  |TAMS 0x000000061ba00000, 0x000000061ba00000| Untracked 
| 214|0x000000061bc00000, 0x000000061bc00000, 0x000000061be00000|  0%| F|  |TAMS 0x000000061bc00000, 0x000000061bc00000| Untracked 
| 215|0x000000061be00000, 0x000000061be00000, 0x000000061c000000|  0%| F|  |TAMS 0x000000061be00000, 0x000000061be00000| Untracked 
| 216|0x000000061c000000, 0x000000061c000000, 0x000000061c200000|  0%| F|  |TAMS 0x000000061c000000, 0x000000061c000000| Untracked 
| 217|0x000000061c200000, 0x000000061c200000, 0x000000061c400000|  0%| F|  |TAMS 0x000000061c200000, 0x000000061c200000| Untracked 
| 218|0x000000061c400000, 0x000000061c400000, 0x000000061c600000|  0%| F|  |TAMS 0x000000061c400000, 0x000000061c400000| Untracked 
| 219|0x000000061c600000, 0x000000061c600000, 0x000000061c800000|  0%| F|  |TAMS 0x000000061c600000, 0x000000061c600000| Untracked 
| 220|0x000000061c800000, 0x000000061c800000, 0x000000061ca00000|  0%| F|  |TAMS 0x000000061c800000, 0x000000061c800000| Untracked 
| 221|0x000000061ca00000, 0x000000061ca00000, 0x000000061cc00000|  0%| F|  |TAMS 0x000000061ca00000, 0x000000061ca00000| Untracked 
| 222|0x000000061cc00000, 0x000000061cc00000, 0x000000061ce00000|  0%| F|  |TAMS 0x000000061cc00000, 0x000000061cc00000| Untracked 
| 223|0x000000061ce00000, 0x000000061ce00000, 0x000000061d000000|  0%| F|  |TAMS 0x000000061ce00000, 0x000000061ce00000| Untracked 
| 224|0x000000061d000000, 0x000000061d000000, 0x000000061d200000|  0%| F|  |TAMS 0x000000061d000000, 0x000000061d000000| Untracked 
| 225|0x000000061d200000, 0x000000061d200000, 0x000000061d400000|  0%| F|  |TAMS 0x000000061d200000, 0x000000061d200000| Untracked 
| 226|0x000000061d400000, 0x000000061d400000, 0x000000061d600000|  0%| F|  |TAMS 0x000000061d400000, 0x000000061d400000| Untracked 
| 227|0x000000061d600000, 0x000000061d600000, 0x000000061d800000|  0%| F|  |TAMS 0x000000061d600000, 0x000000061d600000| Untracked 
| 228|0x000000061d800000, 0x000000061d800000, 0x000000061da00000|  0%| F|  |TAMS 0x000000061d800000, 0x000000061d800000| Untracked 
| 229|0x000000061da00000, 0x000000061da00000, 0x000000061dc00000|  0%| F|  |TAMS 0x000000061da00000, 0x000000061da00000| Untracked 
| 230|0x000000061dc00000, 0x000000061dc00000, 0x000000061de00000|  0%| F|  |TAMS 0x000000061dc00000, 0x000000061dc00000| Untracked 
| 231|0x000000061de00000, 0x000000061de00000, 0x000000061e000000|  0%| F|  |TAMS 0x000000061de00000, 0x000000061de00000| Untracked 
| 232|0x000000061e000000, 0x000000061e000000, 0x000000061e200000|  0%| F|  |TAMS 0x000000061e000000, 0x000000061e000000| Untracked 
| 233|0x000000061e200000, 0x000000061e200000, 0x000000061e400000|  0%| F|  |TAMS 0x000000061e200000, 0x000000061e200000| Untracked 
| 234|0x000000061e400000, 0x000000061e400000, 0x000000061e600000|  0%| F|  |TAMS 0x000000061e400000, 0x000000061e400000| Untracked 
| 235|0x000000061e600000, 0x000000061e600000, 0x000000061e800000|  0%| F|  |TAMS 0x000000061e600000, 0x000000061e600000| Untracked 
| 236|0x000000061e800000, 0x000000061e800000, 0x000000061ea00000|  0%| F|  |TAMS 0x000000061e800000, 0x000000061e800000| Untracked 
| 237|0x000000061ea00000, 0x000000061ea00000, 0x000000061ec00000|  0%| F|  |TAMS 0x000000061ea00000, 0x000000061ea00000| Untracked 
| 238|0x000000061ec00000, 0x000000061ec00000, 0x000000061ee00000|  0%| F|  |TAMS 0x000000061ec00000, 0x000000061ec00000| Untracked 
| 239|0x000000061ee00000, 0x000000061ee00000, 0x000000061f000000|  0%| F|  |TAMS 0x000000061ee00000, 0x000000061ee00000| Untracked 
| 240|0x000000061f000000, 0x000000061f000000, 0x000000061f200000|  0%| F|  |TAMS 0x000000061f000000, 0x000000061f000000| Untracked 
| 241|0x000000061f200000, 0x000000061f200000, 0x000000061f400000|  0%| F|  |TAMS 0x000000061f200000, 0x000000061f200000| Untracked 
| 242|0x000000061f400000, 0x000000061f400000, 0x000000061f600000|  0%| F|  |TAMS 0x000000061f400000, 0x000000061f400000| Untracked 
| 243|0x000000061f600000, 0x000000061f600000, 0x000000061f800000|  0%| F|  |TAMS 0x000000061f600000, 0x000000061f600000| Untracked 
| 244|0x000000061f800000, 0x000000061f800000, 0x000000061fa00000|  0%| F|  |TAMS 0x000000061f800000, 0x000000061f800000| Untracked 
| 245|0x000000061fa00000, 0x000000061fa00000, 0x000000061fc00000|  0%| F|  |TAMS 0x000000061fa00000, 0x000000061fa00000| Untracked 
| 246|0x000000061fc00000, 0x000000061fc00000, 0x000000061fe00000|  0%| F|  |TAMS 0x000000061fc00000, 0x000000061fc00000| Untracked 
| 247|0x000000061fe00000, 0x000000061fe00000, 0x0000000620000000|  0%| F|  |TAMS 0x000000061fe00000, 0x000000061fe00000| Untracked 
| 248|0x0000000620000000, 0x0000000620000000, 0x0000000620200000|  0%| F|  |TAMS 0x0000000620000000, 0x0000000620000000| Untracked 
| 249|0x0000000620200000, 0x0000000620200000, 0x0000000620400000|  0%| F|  |TAMS 0x0000000620200000, 0x0000000620200000| Untracked 
| 250|0x0000000620400000, 0x0000000620400000, 0x0000000620600000|  0%| F|  |TAMS 0x0000000620400000, 0x0000000620400000| Untracked 
| 251|0x0000000620600000, 0x0000000620600000, 0x0000000620800000|  0%| F|  |TAMS 0x0000000620600000, 0x0000000620600000| Untracked 
| 252|0x0000000620800000, 0x0000000620800000, 0x0000000620a00000|  0%| F|  |TAMS 0x0000000620800000, 0x0000000620800000| Untracked 
| 253|0x0000000620a00000, 0x0000000620a00000, 0x0000000620c00000|  0%| F|  |TAMS 0x0000000620a00000, 0x0000000620a00000| Untracked 
| 254|0x0000000620c00000, 0x0000000620df2ba0, 0x0000000620e00000| 97%| S|CS|TAMS 0x0000000620c00000, 0x0000000620c00000| Complete 
| 255|0x0000000620e00000, 0x0000000620e00000, 0x0000000621000000|  0%| F|  |TAMS 0x0000000620e00000, 0x0000000620e00000| Untracked 
| 256|0x0000000621000000, 0x0000000621000000, 0x0000000621200000|  0%| F|  |TAMS 0x0000000621000000, 0x0000000621000000| Untracked 
| 257|0x0000000621200000, 0x0000000621200000, 0x0000000621400000|  0%| F|  |TAMS 0x0000000621200000, 0x0000000621200000| Untracked 
| 258|0x0000000621400000, 0x0000000621400000, 0x0000000621600000|  0%| F|  |TAMS 0x0000000621400000, 0x0000000621400000| Untracked 
| 259|0x0000000621600000, 0x0000000621600000, 0x0000000621800000|  0%| F|  |TAMS 0x0000000621600000, 0x0000000621600000| Untracked 
| 260|0x0000000621800000, 0x0000000621800000, 0x0000000621a00000|  0%| F|  |TAMS 0x0000000621800000, 0x0000000621800000| Untracked 
| 261|0x0000000621a00000, 0x0000000621a00000, 0x0000000621c00000|  0%| F|  |TAMS 0x0000000621a00000, 0x0000000621a00000| Untracked 
| 262|0x0000000621c00000, 0x0000000621c00000, 0x0000000621e00000|  0%| F|  |TAMS 0x0000000621c00000, 0x0000000621c00000| Untracked 
| 263|0x0000000621e00000, 0x0000000621e00000, 0x0000000622000000|  0%| F|  |TAMS 0x0000000621e00000, 0x0000000621e00000| Untracked 
| 264|0x0000000622000000, 0x0000000622000000, 0x0000000622200000|  0%| F|  |TAMS 0x0000000622000000, 0x0000000622000000| Untracked 
| 265|0x0000000622200000, 0x0000000622200000, 0x0000000622400000|  0%| F|  |TAMS 0x0000000622200000, 0x0000000622200000| Untracked 
| 266|0x0000000622400000, 0x0000000622400000, 0x0000000622600000|  0%| F|  |TAMS 0x0000000622400000, 0x0000000622400000| Untracked 
| 267|0x0000000622600000, 0x0000000622600000, 0x0000000622800000|  0%| F|  |TAMS 0x0000000622600000, 0x0000000622600000| Untracked 
| 268|0x0000000622800000, 0x0000000622800000, 0x0000000622a00000|  0%| F|  |TAMS 0x0000000622800000, 0x0000000622800000| Untracked 
| 269|0x0000000622a00000, 0x0000000622a00000, 0x0000000622c00000|  0%| F|  |TAMS 0x0000000622a00000, 0x0000000622a00000| Untracked 
| 270|0x0000000622c00000, 0x0000000622c00000, 0x0000000622e00000|  0%| F|  |TAMS 0x0000000622c00000, 0x0000000622c00000| Untracked 
| 271|0x0000000622e00000, 0x0000000622e00000, 0x0000000623000000|  0%| F|  |TAMS 0x0000000622e00000, 0x0000000622e00000| Untracked 
| 272|0x0000000623000000, 0x0000000623000000, 0x0000000623200000|  0%| F|  |TAMS 0x0000000623000000, 0x0000000623000000| Untracked 
| 273|0x0000000623200000, 0x0000000623200000, 0x0000000623400000|  0%| F|  |TAMS 0x0000000623200000, 0x0000000623200000| Untracked 
| 274|0x0000000623400000, 0x0000000623400000, 0x0000000623600000|  0%| F|  |TAMS 0x0000000623400000, 0x0000000623400000| Untracked 
| 275|0x0000000623600000, 0x0000000623600000, 0x0000000623800000|  0%| F|  |TAMS 0x0000000623600000, 0x0000000623600000| Untracked 
| 276|0x0000000623800000, 0x0000000623800000, 0x0000000623a00000|  0%| F|  |TAMS 0x0000000623800000, 0x0000000623800000| Untracked 
| 277|0x0000000623a00000, 0x0000000623a00000, 0x0000000623c00000|  0%| F|  |TAMS 0x0000000623a00000, 0x0000000623a00000| Untracked 
| 278|0x0000000623c00000, 0x0000000623c00000, 0x0000000623e00000|  0%| F|  |TAMS 0x0000000623c00000, 0x0000000623c00000| Untracked 
| 279|0x0000000623e00000, 0x0000000623e00000, 0x0000000624000000|  0%| F|  |TAMS 0x0000000623e00000, 0x0000000623e00000| Untracked 
| 280|0x0000000624000000, 0x0000000624000000, 0x0000000624200000|  0%| F|  |TAMS 0x0000000624000000, 0x0000000624000000| Untracked 
| 281|0x0000000624200000, 0x0000000624200000, 0x0000000624400000|  0%| F|  |TAMS 0x0000000624200000, 0x0000000624200000| Untracked 
| 282|0x0000000624400000, 0x0000000624400000, 0x0000000624600000|  0%| F|  |TAMS 0x0000000624400000, 0x0000000624400000| Untracked 
| 283|0x0000000624600000, 0x0000000624600000, 0x0000000624800000|  0%| F|  |TAMS 0x0000000624600000, 0x0000000624600000| Untracked 
| 284|0x0000000624800000, 0x0000000624800000, 0x0000000624a00000|  0%| F|  |TAMS 0x0000000624800000, 0x0000000624800000| Untracked 
| 285|0x0000000624a00000, 0x0000000624a00000, 0x0000000624c00000|  0%| F|  |TAMS 0x0000000624a00000, 0x0000000624a00000| Untracked 
| 286|0x0000000624c00000, 0x0000000624c00000, 0x0000000624e00000|  0%| F|  |TAMS 0x0000000624c00000, 0x0000000624c00000| Untracked 
| 287|0x0000000624e00000, 0x0000000624e00000, 0x0000000625000000|  0%| F|  |TAMS 0x0000000624e00000, 0x0000000624e00000| Untracked 
| 288|0x0000000625000000, 0x0000000625000000, 0x0000000625200000|  0%| F|  |TAMS 0x0000000625000000, 0x0000000625000000| Untracked 
| 289|0x0000000625200000, 0x0000000625200000, 0x0000000625400000|  0%| F|  |TAMS 0x0000000625200000, 0x0000000625200000| Untracked 
| 290|0x0000000625400000, 0x0000000625400000, 0x0000000625600000|  0%| F|  |TAMS 0x0000000625400000, 0x0000000625400000| Untracked 
| 291|0x0000000625600000, 0x0000000625600000, 0x0000000625800000|  0%| F|  |TAMS 0x0000000625600000, 0x0000000625600000| Untracked 
| 292|0x0000000625800000, 0x0000000625800000, 0x0000000625a00000|  0%| F|  |TAMS 0x0000000625800000, 0x0000000625800000| Untracked 
| 293|0x0000000625a00000, 0x0000000625a00000, 0x0000000625c00000|  0%| F|  |TAMS 0x0000000625a00000, 0x0000000625a00000| Untracked 
| 294|0x0000000625c00000, 0x0000000625c00000, 0x0000000625e00000|  0%| F|  |TAMS 0x0000000625c00000, 0x0000000625c00000| Untracked 
| 295|0x0000000625e00000, 0x0000000625e00000, 0x0000000626000000|  0%| F|  |TAMS 0x0000000625e00000, 0x0000000625e00000| Untracked 
| 296|0x0000000626000000, 0x0000000626000000, 0x0000000626200000|  0%| F|  |TAMS 0x0000000626000000, 0x0000000626000000| Untracked 
| 297|0x0000000626200000, 0x0000000626200000, 0x0000000626400000|  0%| F|  |TAMS 0x0000000626200000, 0x0000000626200000| Untracked 
| 298|0x0000000626400000, 0x0000000626400000, 0x0000000626600000|  0%| F|  |TAMS 0x0000000626400000, 0x0000000626400000| Untracked 
| 299|0x0000000626600000, 0x0000000626600000, 0x0000000626800000|  0%| F|  |TAMS 0x0000000626600000, 0x0000000626600000| Untracked 
| 300|0x0000000626800000, 0x0000000626800000, 0x0000000626a00000|  0%| F|  |TAMS 0x0000000626800000, 0x0000000626800000| Untracked 
| 301|0x0000000626a00000, 0x0000000626a00000, 0x0000000626c00000|  0%| F|  |TAMS 0x0000000626a00000, 0x0000000626a00000| Untracked 
| 302|0x0000000626c00000, 0x0000000626e00000, 0x0000000626e00000|100%| E|  |TAMS 0x0000000626c00000, 0x0000000626c00000| Complete 
| 303|0x0000000626e00000, 0x0000000627000000, 0x0000000627000000|100%| E|CS|TAMS 0x0000000626e00000, 0x0000000626e00000| Complete 
| 304|0x0000000627000000, 0x0000000627200000, 0x0000000627200000|100%| E|CS|TAMS 0x0000000627000000, 0x0000000627000000| Complete 
| 305|0x0000000627200000, 0x0000000627400000, 0x0000000627400000|100%| E|CS|TAMS 0x0000000627200000, 0x0000000627200000| Complete 
| 306|0x0000000627400000, 0x0000000627600000, 0x0000000627600000|100%| E|CS|TAMS 0x0000000627400000, 0x0000000627400000| Complete 
| 307|0x0000000627600000, 0x0000000627800000, 0x0000000627800000|100%| E|CS|TAMS 0x0000000627600000, 0x0000000627600000| Complete 

Card table byte_map: [0x0000013bc04b0000,0x0000013bc14b0000] _byte_map_base: 0x0000013bbd4a8000

Marking Bits (Prev, Next): (CMBitMap*) 0x0000013bac197e18, (CMBitMap*) 0x0000013bac197e50
 Prev Bits: [0x0000013bc24b0000, 0x0000013bca470000)
 Next Bits: [0x0000013bca470000, 0x0000013bd2430000)

Polling page: 0x0000013ba9e80000

Metaspace:

Usage:
  Non-class:     48.36 MB capacity,    47.98 MB (>99%) used,   298.95 KB ( <1%) free+waste,    83.00 KB ( <1%) overhead. 
      Class:      6.20 MB capacity,     5.98 MB ( 97%) used,   182.05 KB (  3%) free+waste,    34.69 KB ( <1%) overhead. 
       Both:     54.55 MB capacity,    53.97 MB ( 99%) used,   481.01 KB ( <1%) free+waste,   117.69 KB ( <1%) overhead. 

Virtual space:
  Non-class space:       50.00 MB reserved,      48.50 MB ( 97%) committed 
      Class space:        1.00 GB reserved,       6.32 MB ( <1%) committed 
             Both:        1.05 GB reserved,      54.82 MB (  5%) committed 

Chunk freelists:
   Non-Class:  20.00 KB
       Class:  24.00 KB
        Both:  44.00 KB

MaxMetaspaceSize: 17179869184.00 GB
CompressedClassSpaceSize: 1.00 GB
Initial GC threshold: 20.80 MB
Current GC threshold: 58.88 MB
CDS: off

CodeHeap 'non-profiled nmethods': size=119168Kb used=4031Kb max_used=4031Kb free=115136Kb
 bounds [0x0000013bb77d0000, 0x0000013bb7bc0000, 0x0000013bbec30000]
CodeHeap 'profiled nmethods': size=119168Kb used=19423Kb max_used=19423Kb free=99744Kb
 bounds [0x0000013bb0370000, 0x0000013bb1670000, 0x0000013bb77d0000]
CodeHeap 'non-nmethods': size=7424Kb used=2981Kb max_used=3069Kb free=4442Kb
 bounds [0x0000013bafc30000, 0x0000013baff40000, 0x0000013bb0370000]
 total_blobs=7651 nmethods=7075 adapters=484
 compilation: enabled
              stopped_count=0, restarted_count=0
 full_count=0

Compilation events (20 events):
Event: 4.193 Thread 0x0000013bd686d800 nmethod 7202 0x0000013bb1651590 code [0x0000013bb1651780, 0x0000013bb1651cb8]
Event: 4.195 Thread 0x0000013bd6103800 nmethod 7191 0x0000013bb7b9cb90 code [0x0000013bb7b9cd20, 0x0000013bb7b9cdb8]
Event: 4.195 Thread 0x0000013bd6103800 7193       4       org.jetbrains.kotlin.resolve.OverridingUtil::filterOverrides (257 bytes)
Event: 4.197 Thread 0x0000013bd6103800 nmethod 7193 0x0000013bb7b9cf10 code [0x0000013bb7b9d0a0, 0x0000013bb7b9d198]
Event: 4.198 Thread 0x0000013bd6103800 7194       4       org.jetbrains.kotlin.resolve.OverridingUtil::filterOutOverridden (61 bytes)
Event: 4.202 Thread 0x0000013bd648f800 7204       3       kotlin.collections.CollectionsKt___CollectionsKt::firstOrNull (63 bytes)
Event: 4.203 Thread 0x0000013bd648f800 nmethod 7204 0x0000013bb1651e10 code [0x0000013bb16520c0, 0x0000013bb1652e88]
Event: 4.217 Thread 0x0000013bd5ea3800 7208       1       org.jetbrains.kotlin.resolve.source.KotlinSourceElement::getPsi (5 bytes)
Event: 4.217 Thread 0x0000013bd5ea3800 nmethod 7208 0x0000013bb7b9d310 code [0x0000013bb7b9d4c0, 0x0000013bb7b9d578]
Event: 4.224 Thread 0x0000013bd87ed800 nmethod 7012 0x0000013bb7b9d610 code [0x0000013bb7b9dc00, 0x0000013bb7ba37f8]
Event: 4.229 Thread 0x0000013bd87ed800 7207 %     4       kotlin.collections.CollectionsKt___CollectionsKt::filter @ 39 (94 bytes)
Event: 4.234 Thread 0x0000013bd6103800 nmethod 7194 0x0000013bb7baf490 code [0x0000013bb7baf6c0, 0x0000013bb7bb02f8]
Event: 4.234 Thread 0x0000013bd8b84000 nmethod 6961 0x0000013bb7ba7b10 code [0x0000013bb7ba7f40, 0x0000013bb7bad238]
Event: 4.235 Thread 0x0000013bd6103800 7206       4       org.jetbrains.kotlin.resolve.OverrideResolver$Companion::checkInheritedAndDelegatedSignatures (630 bytes)
Event: 4.240 Thread 0x0000013bd8b84000 7211       4       org.jetbrains.kotlin.resolve.OverrideResolver$Companion::checkInheritedDescriptorsGroup (134 bytes)
Event: 4.244 Thread 0x0000013bd8b84000 nmethod 7211 0x0000013bb7bb0990 code [0x0000013bb7bb0b20, 0x0000013bb7bb0bf8]
Event: 4.244 Thread 0x0000013bd8b84000 7205       4       org.jetbrains.kotlin.resolve.lazy.descriptors.LazyClassDescriptor$$Lambda$213/0x0000000800626c40::invoke (8 bytes)
Event: 4.247 Thread 0x0000013bd8b84000 nmethod 7205 0x0000013bb7bb0d90 code [0x0000013bb7bb0f40, 0x0000013bb7bb10d8]
Event: 4.247 Thread 0x0000013bd8b84000 7209       4       org.jetbrains.kotlin.resolve.OverrideResolver$Companion::checkMissingOverridesByJava8Restrictions$default (39 bytes)
Event: 4.250 Thread 0x0000013bd8b84000 nmethod 7209 0x0000013bb7bb1210 code [0x0000013bb7bb13c0, 0x0000013bb7bb1528]

GC Heap History (15 events):
Event: 0.348 GC heap before
{Heap before GC invocations=0 (full 0):
 garbage-first heap   total 524288K, used 26624K [0x0000000601000000, 0x0000000800000000)
  region size 2048K, 12 young (24576K), 0 survivors (0K)
 Metaspace       used 11769K, capacity 11858K, committed 12160K, reserved 1060864K
  class space    used 1043K, capacity 1077K, committed 1152K, reserved 1048576K
}
Event: 0.350 GC heap after
{Heap after GC invocations=1 (full 0):
 garbage-first heap   total 524288K, used 6951K [0x0000000601000000, 0x0000000800000000)
  region size 2048K, 2 young (4096K), 2 survivors (4096K)
 Metaspace       used 11769K, capacity 11858K, committed 12160K, reserved 1060864K
  class space    used 1043K, capacity 1077K, committed 1152K, reserved 1048576K
}
Event: 0.772 GC heap before
{Heap before GC invocations=1 (full 0):
 garbage-first heap   total 524288K, used 47911K [0x0000000601000000, 0x0000000800000000)
  region size 2048K, 23 young (47104K), 2 survivors (4096K)
 Metaspace       used 20960K, capacity 21150K, committed 21248K, reserved 1069056K
  class space    used 2183K, capacity 2267K, committed 2304K, reserved 1048576K
}
Event: 0.779 GC heap after
{Heap after GC invocations=2 (full 0):
 garbage-first heap   total 524288K, used 10896K [0x0000000601000000, 0x0000000800000000)
  region size 2048K, 4 young (8192K), 4 survivors (8192K)
 Metaspace       used 20960K, capacity 21150K, committed 21248K, reserved 1069056K
  class space    used 2183K, capacity 2267K, committed 2304K, reserved 1048576K
}
Event: 1.493 GC heap before
{Heap before GC invocations=3 (full 0):
 garbage-first heap   total 524288K, used 80528K [0x0000000601000000, 0x0000000800000000)
  region size 2048K, 35 young (71680K), 4 survivors (8192K)
 Metaspace       used 34823K, capacity 35250K, committed 35456K, reserved 1081344K
  class space    used 4226K, capacity 4404K, committed 4480K, reserved 1048576K
}
Event: 1.498 GC heap after
{Heap after GC invocations=4 (full 0):
 garbage-first heap   total 524288K, used 24390K [0x0000000601000000, 0x0000000800000000)
  region size 2048K, 5 young (10240K), 5 survivors (10240K)
 Metaspace       used 34823K, capacity 35250K, committed 35456K, reserved 1081344K
  class space    used 4226K, capacity 4404K, committed 4480K, reserved 1048576K
}
Event: 1.520 GC heap before
{Heap before GC invocations=4 (full 0):
 garbage-first heap   total 524288K, used 26438K [0x0000000601000000, 0x0000000800000000)
  region size 2048K, 7 young (14336K), 5 survivors (10240K)
 Metaspace       used 35383K, capacity 35762K, committed 35840K, reserved 1081344K
  class space    used 4300K, capacity 4468K, committed 4480K, reserved 1048576K
}
Event: 1.527 GC heap after
{Heap after GC invocations=5 (full 0):
 garbage-first heap   total 524288K, used 25374K [0x0000000601000000, 0x0000000800000000)
  region size 2048K, 4 young (8192K), 4 survivors (8192K)
 Metaspace       used 35383K, capacity 35762K, committed 35840K, reserved 1081344K
  class space    used 4300K, capacity 4468K, committed 4480K, reserved 1048576K
}
Event: 1.675 GC heap before
{Heap before GC invocations=6 (full 0):
 garbage-first heap   total 524288K, used 41758K [0x0000000601000000, 0x0000000800000000)
  region size 2048K, 12 young (24576K), 4 survivors (8192K)
 Metaspace       used 37859K, capacity 38293K, committed 38348K, reserved 1083392K
  class space    used 4592K, capacity 4798K, committed 4812K, reserved 1048576K
}
Event: 1.678 GC heap after
{Heap after GC invocations=7 (full 0):
 garbage-first heap   total 524288K, used 25328K [0x0000000601000000, 0x0000000800000000)
  region size 2048K, 2 young (4096K), 2 survivors (4096K)
 Metaspace       used 37859K, capacity 38293K, committed 38348K, reserved 1083392K
  class space    used 4592K, capacity 4798K, committed 4812K, reserved 1048576K
}
Event: 2.813 GC heap before
{Heap before GC invocations=7 (full 0):
 garbage-first heap   total 524288K, used 123632K [0x0000000601000000, 0x0000000800000000)
  region size 2048K, 49 young (100352K), 2 survivors (4096K)
 Metaspace       used 49918K, capacity 50450K, committed 50636K, reserved 1093632K
  class space    used 5755K, capacity 5961K, committed 6092K, reserved 1048576K
}
Event: 2.817 GC heap after
{Heap after GC invocations=8 (full 0):
 garbage-first heap   total 524288K, used 36289K [0x0000000601000000, 0x0000000800000000)
  region size 2048K, 6 young (12288K), 6 survivors (12288K)
 Metaspace       used 49918K, capacity 50450K, committed 50636K, reserved 1093632K
  class space    used 5755K, capacity 5961K, committed 6092K, reserved 1048576K
}
Event: 4.104 GC heap before
{Heap before GC invocations=8 (full 0):
 garbage-first heap   total 524288K, used 222657K [0x0000000601000000, 0x0000000800000000)
  region size 2048K, 97 young (198656K), 6 survivors (12288K)
 Metaspace       used 55238K, capacity 55796K, committed 56140K, reserved 1099776K
  class space    used 6126K, capacity 6344K, committed 6476K, reserved 1048576K
}
Event: 4.117 GC heap after
{Heap after GC invocations=9 (full 0):
 garbage-first heap   total 630784K, used 57641K [0x0000000601000000, 0x0000000800000000)
  region size 2048K, 13 young (26624K), 13 survivors (26624K)
 Metaspace       used 55238K, capacity 55796K, committed 56140K, reserved 1099776K
  class space    used 6126K, capacity 6344K, committed 6476K, reserved 1048576K
}
Event: 4.250 GC heap before
{Heap before GC invocations=9 (full 0):
 garbage-first heap   total 630784K, used 166185K [0x0000000601000000, 0x0000000800000000)
  region size 2048K, 66 young (135168K), 13 survivors (26624K)
 Metaspace       used 55239K, capacity 55796K, committed 56140K, reserved 1099776K
  class space    used 6126K, capacity 6344K, committed 6476K, reserved 1048576K
}

Deoptimization events (20 events):
Event: 3.993 Thread 0x0000013bac10e800 Uncommon trap: trap_request=0xffffffc6 fr.pc=0x0000013bb7b74924 relative=0x0000000000000c44
Event: 3.993 Thread 0x0000013bac10e800 Uncommon trap: reason=bimorphic_or_optimized_type_check action=maybe_recompile pc=0x0000013bb7b74924 method=org.jetbrains.kotlin.resolve.lazy.descriptors.LazyClassMemberScope.resolveUnknownVisibilitiesForMembers(Ljava/util/Collection;)V @ 1 c2
Event: 3.993 Thread 0x0000013bac10e800 DEOPT PACKING pc=0x0000013bb7b74924 sp=0x000000314f1fe2f0
Event: 3.993 Thread 0x0000013bac10e800 DEOPT UNPACKING pc=0x0000013bafc7a1af sp=0x000000314f1fe2a0 mode 2
Event: 3.993 Thread 0x0000013bac10e800 Uncommon trap: trap_request=0xffffffc6 fr.pc=0x0000013bb7b56b24 relative=0x0000000000001064
Event: 3.994 Thread 0x0000013bac10e800 Uncommon trap: reason=bimorphic_or_optimized_type_check action=maybe_recompile pc=0x0000013bb7b56b24 method=kotlin.collections.CollectionsKt___CollectionsKt.filter(Ljava/lang/Iterable;Lkotlin/jvm/functions/Function1;)Ljava/util/List; @ 32 c2
Event: 3.994 Thread 0x0000013bac10e800 DEOPT PACKING pc=0x0000013bb7b56b24 sp=0x000000314f1fe720
Event: 3.994 Thread 0x0000013bac10e800 DEOPT UNPACKING pc=0x0000013bafc7a1af sp=0x000000314f1fe720 mode 2
Event: 3.994 Thread 0x0000013bac10e800 Uncommon trap: trap_request=0xffffffc6 fr.pc=0x0000013bb7b74924 relative=0x0000000000000c44
Event: 3.994 Thread 0x0000013bac10e800 Uncommon trap: reason=bimorphic_or_optimized_type_check action=maybe_recompile pc=0x0000013bb7b74924 method=org.jetbrains.kotlin.resolve.lazy.descriptors.LazyClassMemberScope.resolveUnknownVisibilitiesForMembers(Ljava/util/Collection;)V @ 1 c2
Event: 3.994 Thread 0x0000013bac10e800 DEOPT PACKING pc=0x0000013bb7b74924 sp=0x000000314f1fe2f0
Event: 3.994 Thread 0x0000013bac10e800 DEOPT UNPACKING pc=0x0000013bafc7a1af sp=0x000000314f1fe2a0 mode 2
Event: 3.994 Thread 0x0000013bac10e800 Uncommon trap: trap_request=0xffffffc6 fr.pc=0x0000013bb7b56b24 relative=0x0000000000001064
Event: 3.994 Thread 0x0000013bac10e800 Uncommon trap: reason=bimorphic_or_optimized_type_check action=maybe_recompile pc=0x0000013bb7b56b24 method=kotlin.collections.CollectionsKt___CollectionsKt.filter(Ljava/lang/Iterable;Lkotlin/jvm/functions/Function1;)Ljava/util/List; @ 32 c2
Event: 3.994 Thread 0x0000013bac10e800 DEOPT PACKING pc=0x0000013bb7b56b24 sp=0x000000314f1fe720
Event: 3.994 Thread 0x0000013bac10e800 DEOPT UNPACKING pc=0x0000013bafc7a1af sp=0x000000314f1fe720 mode 2
Event: 3.994 Thread 0x0000013bac10e800 Uncommon trap: trap_request=0xffffffc6 fr.pc=0x0000013bb7b74924 relative=0x0000000000000c44
Event: 3.995 Thread 0x0000013bac10e800 Uncommon trap: reason=bimorphic_or_optimized_type_check action=maybe_recompile pc=0x0000013bb7b74924 method=org.jetbrains.kotlin.resolve.lazy.descriptors.LazyClassMemberScope.resolveUnknownVisibilitiesForMembers(Ljava/util/Collection;)V @ 1 c2
Event: 3.995 Thread 0x0000013bac10e800 DEOPT PACKING pc=0x0000013bb7b74924 sp=0x000000314f1fe2f0
Event: 3.995 Thread 0x0000013bac10e800 DEOPT UNPACKING pc=0x0000013bafc7a1af sp=0x000000314f1fe2a0 mode 2

Classes redefined (0 events):
No events

Internal exceptions (20 events):
Event: 0.803 Thread 0x0000013bac10e800 Exception <a 'java/lang/NoSuchMethodError'{0x0000000620c34288}: 'long java.lang.invoke.DirectMethodHandle$Holder.invokeStaticInit(java.lang.Object)'> (0x0000000620c34288) thrown at [src/hotspot/share/interpreter/linkResolver.cpp, line 773]
Event: 0.835 Thread 0x0000013bac10e800 Exception <a 'java/lang/NoSuchMethodError'{0x000000062091c2c8}: 'int java.lang.invoke.DirectMethodHandle$Holder.invokeStaticInit(java.lang.Object, java.lang.Object, java.lang.Object)'> (0x000000062091c2c8) thrown at [src/hotspot/share/interpreter/linkResolver.cpp, line 773]
Event: 0.838 Thread 0x0000013bac10e800 Exception <a 'java/lang/NoSuchMethodError'{0x0000000620947978}: 'int java.lang.invoke.DirectMethodHandle$Holder.invokeStaticInit(java.lang.Object, java.lang.Object)'> (0x0000000620947978) thrown at [src/hotspot/share/interpreter/linkResolver.cpp, line 773]
Event: 0.866 Thread 0x0000013bac10e800 Exception <a 'java/lang/NoSuchMethodError'{0x0000000620759928}: 'void java.lang.invoke.DirectMethodHandle$Holder.invokeSpecial(java.lang.Object, java.lang.Object)'> (0x0000000620759928) thrown at [src/hotspot/share/interpreter/linkResolver.cpp, line 773]
Event: 0.968 Thread 0x0000013bac10e800 Exception <a 'java/lang/NoSuchMethodError'{0x000000061ffc7828}: 'java.lang.Object java.lang.invoke.DirectMethodHandle$Holder.invokeStatic(java.lang.Object, java.lang.Object, java.lang.Object, java.lang.Object, java.lang.Object, java.lang.Object, java.lang.Object, java.lang.Object, java.lang.Object, java.lang.Object, java.lang.Object, java.lang.Object, java.lang.Object, java.lang.Object, java.lang.Object)'> (0x000000061ffc7828) thrown at [src/hotspot/share/interpreter/linkResolver.cpp, line 773]
Event: 0.968 Thread 0x0000013bac10e800 Exception <a 'java/lang/NoSuchMethodError'{0x000000061ffd5830}: 'java.lang.Object java.lang.invoke.DirectMethodHandle$Holder.invokeStatic(java.lang.Object, java.lang.Object, java.lang.Object, java.lang.Object, java.lang.Object, java.lang.Object, java.lang.Object, java.lang.Object, java.lang.Object, java.lang.Object, java.lang.Object, java.lang.Object, java.lang.Object, java.lang.Object, java.lang.Object, java.lang.Object)'> (0x000000061ffd5830) thrown at [src/hotspot/share/interpreter/linkResolver.cpp, lin
Event: 0.969 Thread 0x0000013bac10e800 Exception <a 'java/lang/NoSuchMethodError'{0x000000061ffe3748}: 'java.lang.Object java.lang.invoke.DirectMethodHandle$Holder.invokeSpecial(java.lang.Object, java.lang.Object, int, int, java.lang.Object, java.lang.Object, java.lang.Object)'> (0x000000061ffe3748) thrown at [src/hotspot/share/interpreter/linkResolver.cpp, line 773]
Event: 0.969 Thread 0x0000013bac10e800 Exception <a 'java/lang/NoSuchMethodError'{0x000000061ffe6f80}: 'java.lang.Object java.lang.invoke.DelegatingMethodHandle$Holder.reinvoke_L(java.lang.Object, int, int, java.lang.Object, java.lang.Object, java.lang.Object)'> (0x000000061ffe6f80) thrown at [src/hotspot/share/interpreter/linkResolver.cpp, line 773]
Event: 0.969 Thread 0x0000013bac10e800 Exception <a 'java/lang/NoSuchMethodError'{0x000000061ffeb308}: 'java.lang.Object java.lang.invoke.DirectMethodHandle$Holder.invokeStatic(java.lang.Object, java.lang.Object, java.lang.Object, java.lang.Object, int)'> (0x000000061ffeb308) thrown at [src/hotspot/share/interpreter/linkResolver.cpp, line 773]
Event: 0.990 Thread 0x0000013bac10e800 Exception <a 'java/lang/NoSuchMethodError'{0x000000061fd10930}: 'void java.lang.invoke.DirectMethodHandle$Holder.invokeStatic(java.lang.Object, java.lang.Object, java.lang.Object, java.lang.Object)'> (0x000000061fd10930) thrown at [src/hotspot/share/interpreter/linkResolver.cpp, line 773]
Event: 1.028 Thread 0x0000013bac10e800 Exception <a 'java/lang/NoSuchMethodError'{0x000000061f8f1f80}: 'void java.lang.invoke.DirectMethodHandle$Holder.invokeStaticInit(java.lang.Object, java.lang.Object)'> (0x000000061f8f1f80) thrown at [src/hotspot/share/interpreter/linkResolver.cpp, line 773]
Event: 1.069 Thread 0x0000013bac10e800 Exception <a 'java/lang/NoSuchMethodError'{0x000000061f51c4b8}: 'void java.lang.invoke.DirectMethodHandle$Holder.invokeVirtual(java.lang.Object, java.lang.Object)'> (0x000000061f51c4b8) thrown at [src/hotspot/share/interpreter/linkResolver.cpp, line 773]
Event: 1.075 Thread 0x0000013bac10e800 Exception <a 'java/lang/NoSuchMethodError'{0x000000061f5a50b0}: 'int java.lang.invoke.DirectMethodHandle$Holder.invokeVirtual(java.lang.Object, java.lang.Object)'> (0x000000061f5a50b0) thrown at [src/hotspot/share/interpreter/linkResolver.cpp, line 773]
Event: 1.555 Thread 0x0000013bac10e800 Exception <a 'java/lang/NoSuchMethodError'{0x0000000620c7a2a8}: 'java.lang.Object java.lang.invoke.DirectMethodHandle$Holder.invokeVirtual(java.lang.Object, java.lang.Object, java.lang.Object)'> (0x0000000620c7a2a8) thrown at [src/hotspot/share/interpreter/linkResolver.cpp, line 773]
Event: 1.957 Thread 0x0000013bac10e800 Exception <a 'java/lang/NoSuchMethodError'{0x000000061efb93f0}: 'java.lang.Object java.lang.invoke.Invokers$Holder.linkToTargetMethod(java.lang.Object, int, java.lang.Object)'> (0x000000061efb93f0) thrown at [src/hotspot/share/interpreter/linkResolver.cpp, line 773]
Event: 2.074 Thread 0x0000013bac10e800 Exception <a 'java/lang/NoSuchMethodError'{0x000000061e864cd8}: 'java.lang.Object java.lang.invoke.DirectMethodHandle$Holder.invokeStatic(java.lang.Object, java.lang.Object, java.lang.Object, int)'> (0x000000061e864cd8) thrown at [src/hotspot/share/interpreter/linkResolver.cpp, line 773]
Event: 2.074 Thread 0x0000013bac10e800 Exception <a 'java/lang/NoSuchMethodError'{0x000000061e868948}: 'java.lang.Object java.lang.invoke.DirectMethodHandle$Holder.invokeSpecial(java.lang.Object, java.lang.Object, java.lang.Object, java.lang.Object, int)'> (0x000000061e868948) thrown at [src/hotspot/share/interpreter/linkResolver.cpp, line 773]
Event: 2.074 Thread 0x0000013bac10e800 Exception <a 'java/lang/NoSuchMethodError'{0x000000061e86bc58}: 'java.lang.Object java.lang.invoke.Invokers$Holder.linkToTargetMethod(java.lang.Object, java.lang.Object, int, java.lang.Object)'> (0x000000061e86bc58) thrown at [src/hotspot/share/interpreter/linkResolver.cpp, line 773]
Event: 3.380 Thread 0x0000013bac10e800 Exception <a 'java/lang/NoSuchMethodError'{0x000000061f3615b8}: 'java.lang.Object java.lang.invoke.DirectMethodHandle$Holder.invokeStaticInit(java.lang.Object, java.lang.Object, java.lang.Object)'> (0x000000061f3615b8) thrown at [src/hotspot/share/interpreter/linkResolver.cpp, line 773]
Event: 3.973 Thread 0x0000013bac10e800 Exception <a 'java/lang/NoSuchMethodError'{0x0000000618b3f688}: 'int java.lang.invoke.DirectMethodHandle$Holder.invokeInterface(java.lang.Object, java.lang.Object)'> (0x0000000618b3f688) thrown at [src/hotspot/share/interpreter/linkResolver.cpp, line 773]

Events (20 events):
Event: 4.018 loading class org/jetbrains/kotlin/resolve/source/PsiSourceElementKt done
Event: 4.019 loading class org/jetbrains/kotlin/resolve/OverrideResolver$checkOverrideForMember$1
Event: 4.019 loading class org/jetbrains/kotlin/resolve/OverrideResolver$checkOverrideForMember$1 done
Event: 4.019 loading class org/jetbrains/kotlin/resolve/OverrideResolver$CheckOverrideReportForDeclaredMemberStrategy
Event: 4.019 loading class org/jetbrains/kotlin/resolve/OverrideResolver$CheckOverrideReportForDeclaredMemberStrategy done
Event: 4.019 loading class org/jetbrains/kotlin/resolve/OverrideResolver$CheckOverrideReportStrategy
Event: 4.019 loading class org/jetbrains/kotlin/resolve/OverrideResolver$CheckOverrideReportStrategy done
Event: 4.021 loading class org/jetbrains/kotlin/resolve/OverrideResolver$CollectErrorInformationForInheritedMembersStrategy
Event: 4.021 loading class org/jetbrains/kotlin/resolve/OverrideResolver$CollectErrorInformationForInheritedMembersStrategy done
Event: 4.022 loading class org/jetbrains/kotlin/resolve/OverrideResolver$CheckInheritedSignaturesReportStrategy
Event: 4.022 loading class org/jetbrains/kotlin/resolve/OverrideResolver$CheckInheritedSignaturesReportStrategy done
Event: 4.023 loading class org/jetbrains/kotlin/resolve/OverridingUtil$2
Event: 4.023 loading class org/jetbrains/kotlin/resolve/OverridingUtil$2 done
Event: 4.023 loading class org/jetbrains/kotlin/com/google/common/collect/Collections2
Event: 4.023 loading class org/jetbrains/kotlin/com/google/common/collect/Collections2 done
Event: 4.025 loading class org/jetbrains/kotlin/resolve/OverrideResolver$CollectWarningInformationForInheritedMembersStrategy
Event: 4.025 loading class org/jetbrains/kotlin/resolve/OverrideResolver$CollectWarningInformationForInheritedMembersStrategy done
Event: 4.104 Executing VM operation: G1CollectForAllocation
Event: 4.117 Executing VM operation: G1CollectForAllocation done
Event: 4.250 Executing VM operation: G1CollectForAllocation


Dynamic libraries:
0x00007ff648290000 - 0x00007ff64829a000 	C:\Program Files\Android\Android Studio\jbr\bin\java.exe
0x00007ff8760d0000 - 0x00007ff8762e4000 	C:\WINDOWS\SYSTEM32\ntdll.dll
0x00007ff875e00000 - 0x00007ff875ec3000 	C:\WINDOWS\System32\KERNEL32.DLL
0x00007ff8738b0000 - 0x00007ff873c4c000 	C:\WINDOWS\System32\KERNELBASE.dll
0x00007ff873670000 - 0x00007ff873781000 	C:\WINDOWS\System32\ucrtbase.dll
0x00007ff826e00000 - 0x00007ff826e17000 	C:\Program Files\Android\Android Studio\jbr\bin\jli.dll
0x00007ff8130f0000 - 0x00007ff81310b000 	C:\Program Files\Android\Android Studio\jbr\bin\VCRUNTIME140.dll
0x00007ff8742f0000 - 0x00007ff87449d000 	C:\WINDOWS\System32\USER32.dll
0x00007ff85dfa0000 - 0x00007ff85e22e000 	C:\WINDOWS\WinSxS\amd64_microsoft.windows.common-controls_6595b64144ccf1df_6.0.22621.608_none_a9444ca7c10bb01d\COMCTL32.dll
0x00007ff873640000 - 0x00007ff873666000 	C:\WINDOWS\System32\win32u.dll
0x00007ff874d10000 - 0x00007ff874db7000 	C:\WINDOWS\System32\msvcrt.dll
0x00007ff874dc0000 - 0x00007ff874de9000 	C:\WINDOWS\System32\GDI32.dll
0x00007ff873790000 - 0x00007ff8738a2000 	C:\WINDOWS\System32\gdi32full.dll
0x00007ff873e40000 - 0x00007ff873eda000 	C:\WINDOWS\System32\msvcp_win.dll
0x00007ff875dc0000 - 0x00007ff875df2000 	C:\WINDOWS\System32\IMM32.DLL
0x00007ff83dd10000 - 0x00007ff83dd1c000 	C:\Program Files\Android\Android Studio\jbr\bin\vcruntime140_1.dll
0x00007fffba010000 - 0x00007fffba09d000 	C:\Program Files\Android\Android Studio\jbr\bin\msvcp140.dll
0x00007fffb8440000 - 0x00007fffb8ffc000 	C:\Program Files\Android\Android Studio\jbr\bin\server\jvm.dll
0x00007ff875fd0000 - 0x00007ff87607e000 	C:\WINDOWS\System32\ADVAPI32.dll
0x00007ff875f20000 - 0x00007ff875fc4000 	C:\WINDOWS\System32\sechost.dll
0x00007ff8744d0000 - 0x00007ff8745e5000 	C:\WINDOWS\System32\RPCRT4.dll
0x00007ff874f00000 - 0x00007ff874f08000 	C:\WINDOWS\System32\PSAPI.DLL
0x00007ff857380000 - 0x00007ff857389000 	C:\WINDOWS\SYSTEM32\WSOCK32.dll
0x00007ff8699e0000 - 0x00007ff869a14000 	C:\WINDOWS\SYSTEM32\WINMM.dll
0x00007ff874a80000 - 0x00007ff874af1000 	C:\WINDOWS\System32\WS2_32.dll
0x00007ff869840000 - 0x00007ff86984a000 	C:\WINDOWS\SYSTEM32\VERSION.dll
0x00007ff872610000 - 0x00007ff872628000 	C:\WINDOWS\SYSTEM32\kernel.appcore.dll
0x00007ff86be50000 - 0x00007ff86be60000 	C:\Program Files\Android\Android Studio\jbr\bin\verify.dll
0x00007ff865900000 - 0x00007ff865b2e000 	C:\WINDOWS\SYSTEM32\DBGHELP.DLL
0x00007ff873f60000 - 0x00007ff8742ea000 	C:\WINDOWS\System32\combase.dll
0x00007ff875b40000 - 0x00007ff875c17000 	C:\WINDOWS\System32\OLEAUT32.dll
0x00007ff856a10000 - 0x00007ff856a42000 	C:\WINDOWS\SYSTEM32\dbgcore.DLL
0x00007ff873dc0000 - 0x00007ff873e3b000 	C:\WINDOWS\System32\bcryptPrimitives.dll
0x00007ff83dd90000 - 0x00007ff83ddb8000 	C:\Program Files\Android\Android Studio\jbr\bin\java.dll
0x00007ff867120000 - 0x00007ff86712a000 	C:\Program Files\Android\Android Studio\jbr\bin\jimage.dll
0x00007ff856660000 - 0x00007ff856678000 	C:\Program Files\Android\Android Studio\jbr\bin\zip.dll
0x00007ff875110000 - 0x00007ff8758ff000 	C:\WINDOWS\System32\SHELL32.dll
0x00007ff8714f0000 - 0x00007ff871db8000 	C:\WINDOWS\SYSTEM32\windows.storage.dll
0x00007ff8713b0000 - 0x00007ff8714ee000 	C:\WINDOWS\SYSTEM32\wintypes.dll
0x00007ff874f10000 - 0x00007ff875001000 	C:\WINDOWS\System32\SHCORE.dll
0x00007ff874b90000 - 0x00007ff874bee000 	C:\WINDOWS\System32\shlwapi.dll
0x00007ff873440000 - 0x00007ff873461000 	C:\WINDOWS\SYSTEM32\profapi.dll
0x00007ff83de80000 - 0x00007ff83de99000 	C:\Program Files\Android\Android Studio\jbr\bin\net.dll
0x00007ff86bc30000 - 0x00007ff86bd5f000 	C:\WINDOWS\SYSTEM32\WINHTTP.dll
0x00007ff872a70000 - 0x00007ff872ad9000 	C:\WINDOWS\system32\mswsock.dll
0x00007ff83dd70000 - 0x00007ff83dd83000 	C:\Program Files\Android\Android Studio\jbr\bin\nio.dll

dbghelp: loaded successfully - version: 4.0.5 - missing functions: none
symbol engine: initialized successfully - sym options: 0x614 - pdb path: .;C:\Program Files\Android\Android Studio\jbr\bin;C:\WINDOWS\SYSTEM32;C:\WINDOWS\WinSxS\amd64_microsoft.windows.common-controls_6595b64144ccf1df_6.0.22621.608_none_a9444ca7c10bb01d;C:\Program Files\Android\Android Studio\jbr\bin\server

VM Arguments:
java_command: org.jetbrains.kotlin.cli.jvm.K2JVMCompiler @P:\Westminster\Year 3\Final Year Project\UoWsa\app\build\20230220_8829154177567752788.compiler.options
java_class_path (initial): C:\Users\chris\.gradle\caches\modules-2\files-2.1\org.jetbrains.kotlin\kotlin-compiler-embeddable\1.7.10\909803167c98606fcf22b4c848647c68e351d48d\kotlin-compiler-embeddable-1.7.10.jar;C:\Users\chris\.gradle\caches\modules-2\files-2.1\org.jetbrains.kotlin\kotlin-reflect\1.7.10\165e600dfea6185cf5efa700756294cc4904dbeb\kotlin-reflect-1.7.10.jar;C:\Users\chris\.gradle\caches\modules-2\files-2.1\org.jetbrains.kotlin\kotlin-stdlib\1.7.10\d2abf9e77736acc4450dc4a3f707fa2c10f5099d\kotlin-stdlib-1.7.10.jar;C:\Users\chris\.gradle\caches\modules-2\files-2.1\org.jetbrains.kotlin\kotlin-script-runtime\1.7.10\c99c87a6988d8fd8d5142e9ed5c9f34a7cf561ee\kotlin-script-runtime-1.7.10.jar;C:\Users\chris\.gradle\caches\modules-2\files-2.1\org.jetbrains.kotlin\kotlin-daemon-embeddable\1.7.10\3a9f7aef7080d3ae63126cbba4f827ed664f32fa\kotlin-daemon-embeddable-1.7.10.jar;C:\Users\chris\.gradle\caches\modules-2\files-2.1\org.jetbrains.intellij.deps\trove4j\1.0.20200330\3afb14d5f9ceb459d724e907a21145e8ff394f02\trove4j-1.0.20200330.jar;C:\Users\chris\.gradle\caches\modules-2\files-2.1\net.java.dev.jna\jna\5.6.0\330f2244e9030119ab3030fc3fededc86713d9cc\jna-5.6.0.jar;C:\Users\chris\.gradle\caches\modules-2\files-2.1\org.jetbrains.kotlin\kotlin-stdlib-common\1.7.10\bac80c520d0a9e3f3673bc2658c6ed02ef45a76a\kotlin-stdlib-common-1.7.10.jar;C:\Users\chris\.gradle\caches\modules-2\files-2.1\org.jetbrains\annotations\13.0\919f0dfe192fb4e063e7dacadee7f8bb9a2672a9\annotations-13.0.jar
Launcher Type: SUN_STANDARD

[Global flags]
     intx CICompilerCount                          = 12                                        {product} {ergonomic}
     uint ConcGCThreads                            = 3                                         {product} {ergonomic}
     uint G1ConcRefinementThreads                  = 13                                        {product} {ergonomic}
   size_t G1HeapRegionSize                         = 2097152                                   {product} {ergonomic}
    uintx GCDrainStackTargetSize                   = 64                                        {product} {ergonomic}
   size_t InitialHeapSize                          = 536870912                                 {product} {ergonomic}
   size_t MarkStackSize                            = 4194304                                   {product} {ergonomic}
   size_t MaxHeapSize                              = 8573157376                                {product} {ergonomic}
   size_t MaxNewSize                               = 5142216704                                {product} {ergonomic}
   size_t MinHeapDeltaBytes                        = 2097152                                   {product} {ergonomic}
    uintx NonNMethodCodeHeapSize                   = 7594288                                {pd product} {ergonomic}
    uintx NonProfiledCodeHeapSize                  = 122031976                              {pd product} {ergonomic}
    uintx ProfiledCodeHeapSize                     = 122031976                              {pd product} {ergonomic}
    uintx ReservedCodeCacheSize                    = 251658240                              {pd product} {ergonomic}
     bool SegmentedCodeCache                       = true                                      {product} {ergonomic}
     bool UseCompressedClassPointers               = true                                 {lp64_product} {ergonomic}
     bool UseCompressedOops                        = true                                 {lp64_product} {ergonomic}
     bool UseG1GC                                  = true                                      {product} {ergonomic}
     bool UseLargePagesIndividualAllocation        = false                                  {pd product} {ergonomic}

Logging:
Log output configuration:
 #0: stdout all=warning uptime,level,tags
 #1: stderr all=off uptime,level,tags

Environment Variables:
PATH=C:\Program Files (x86)\Common Files\Oracle\Java\javapath;C:\WINDOWS\system32;C:\WINDOWS;C:\WINDOWS\System32\Wbem;C:\WINDOWS\System32\WindowsPowerShell\v1.0\;C:\WINDOWS\System32\OpenSSH\;C:\Program Files\Microsoft VS Code\bin;C:\Program Files\NVIDIA Corporation\NVIDIA NvDLISR;C:\Program Files\dotnet\;C:\Program Files (x86)\NVIDIA Corporation\PhysX\Common;C:\Program Files\nodejs\;C:\Program Files\Git\cmd;C:\Users\chris\AppData\Local\Microsoft\WindowsApps;C:\Users\chris\AppData\Roaming\npm;
USERNAME=chris
OS=Windows_NT
PROCESSOR_IDENTIFIER=Intel64 Family 6 Model 158 Stepping 13, GenuineIntel



---------------  S Y S T E M  ---------------

OS: Windows 11 , 64 bit Build 22621 (10.0.22621.1194)
OS uptime: 0 days 5:30 hours
Hyper-V role detected

CPU:total 16 (initial active 16) (8 cores per cpu, 2 threads per core) family 6 model 158 stepping 13 microcode 0xde, cmov, cx8, fxsr, mmx, sse, sse2, sse3, ssse3, sse4.1, sse4.2, popcnt, avx, avx2, aes, clmul, erms, 3dnowpref, lzcnt, ht, tsc, tscinvbit, bmi1, bmi2, adx, fma

Memory: 4k page, system-wide physical 32702M (14138M free)
TotalPageFile size 37566M (AvailPageFile size 10321M)
current process WorkingSet (physical memory assigned to process): 642M, peak: 642M
current process commit charge ("private bytes"): 930M, peak: 937M

vm_info: OpenJDK 64-Bit Server VM (11.0.15+0-b2043.56-9505619) for windows-amd64 JRE (11.0.15+0-b2043.56-9505619), built on Jan 19 2023 02:48:00 by "builduser" with unknown MS VC++:1929

END.
